<?xml version="1.0" encoding="UTF-8"?>
<coverage generated="1774214221426" clover="3.2.0">
  <project timestamp="1774214221426" name="All files">
    <metrics statements="306" coveredstatements="234" conditionals="183" coveredconditionals="107" methods="81" coveredmethods="69" elements="570" coveredelements="410" complexity="0" loc="306" ncloc="306" packages="2" files="5" classes="5"/>
    <package name="constants">
      <metrics statements="78" coveredstatements="71" conditionals="52" coveredconditionals="38" methods="47" coveredmethods="40"/>
      <file name="achievements.js" path="/Users/omarjoudi/2nd_year/G-ING-400-LYN-4-1-codewash-6/project/src/constants/achievements.js">
        <metrics statements="42" coveredstatements="37" conditionals="40" coveredconditionals="28" methods="34" coveredmethods="28"/>
        <line num="15" count="1" type="stmt"/>
        <line num="26" count="1" type="stmt"/>
        <line num="32" count="1" type="stmt"/>
        <line num="43" count="1" type="stmt"/>
        <line num="54" count="1" type="stmt"/>
        <line num="69" count="1" type="stmt"/>
        <line num="79" count="15" type="cond" truecount="2" falsecount="0"/>
        <line num="91" count="36" type="cond" truecount="1" falsecount="1"/>
        <line num="104" count="36" type="cond" truecount="1" falsecount="1"/>
        <line num="105" count="6" type="stmt"/>
        <line num="108" count="0" type="cond" truecount="0" falsecount="2"/>
        <line num="109" count="0" type="stmt"/>
        <line num="110" count="0" type="stmt"/>
        <line num="111" count="0" type="stmt"/>
        <line num="123" count="6" type="cond" truecount="2" falsecount="0"/>
        <line num="134" count="25" type="cond" truecount="1" falsecount="1"/>
        <line num="145" count="4" type="cond" truecount="2" falsecount="0"/>
        <line num="155" count="4" type="cond" truecount="2" falsecount="0"/>
        <line num="165" count="4" type="cond" truecount="2" falsecount="0"/>
        <line num="175" count="4" type="cond" truecount="2" falsecount="0"/>
        <line num="185" count="4" type="cond" truecount="2" falsecount="0"/>
        <line num="197" count="4" type="stmt"/>
        <line num="198" count="4" type="cond" truecount="1" falsecount="1"/>
        <line num="199" count="4" type="stmt"/>
        <line num="212" count="4" type="stmt"/>
        <line num="213" count="4" type="cond" truecount="1" falsecount="1"/>
        <line num="214" count="4" type="stmt"/>
        <line num="227" count="4" type="stmt"/>
        <line num="233" count="4" type="cond" truecount="1" falsecount="1"/>
        <line num="234" count="4" type="stmt"/>
        <line num="245" count="4" type="cond" truecount="2" falsecount="0"/>
        <line num="255" count="4" type="cond" truecount="2" falsecount="0"/>
        <line num="266" count="4" type="cond" truecount="1" falsecount="1"/>
        <line num="267" count="4" type="stmt"/>
        <line num="279" count="24" type="cond" truecount="1" falsecount="1"/>
        <line num="291" count="4" type="stmt"/>
        <line num="292" count="24" type="cond" truecount="1" falsecount="1"/>
        <line num="305" count="4" type="stmt"/>
        <line num="306" count="24" type="cond" truecount="1" falsecount="1"/>
        <line num="313" count="1" type="stmt"/>
        <line num="316" count="1" type="stmt"/>
        <line num="317" count="0" type="stmt"/>
      </file>
      <file name="gameData.jsx" path="/Users/omarjoudi/2nd_year/G-ING-400-LYN-4-1-codewash-6/project/src/constants/gameData.jsx">
        <metrics statements="36" coveredstatements="34" conditionals="12" coveredconditionals="10" methods="13" coveredmethods="12"/>
        <line num="1" count="1" type="stmt"/>
        <line num="26" count="1" type="stmt"/>
        <line num="55" count="1" type="stmt"/>
        <line num="78" count="1" type="stmt"/>
        <line num="88" count="1" type="stmt"/>
        <line num="90" count="1" type="stmt"/>
        <line num="97" count="1" type="stmt"/>
        <line num="106" count="1" type="stmt"/>
        <line num="165" count="1" type="stmt"/>
        <line num="175" count="1" type="stmt"/>
        <line num="214" count="1" type="stmt"/>
        <line num="215" count="1" type="stmt"/>
        <line num="218" count="1" type="stmt"/>
        <line num="228" count="1" type="stmt"/>
        <line num="240" count="1" type="stmt"/>
        <line num="279" count="1" type="stmt"/>
        <line num="280" count="0" type="stmt"/>
        <line num="295" count="0" type="cond" truecount="0" falsecount="2"/>
        <line num="299" count="1" type="stmt"/>
        <line num="388" count="1" type="stmt"/>
        <line num="389" count="76" type="cond" truecount="2" falsecount="0"/>
        <line num="390" count="76" type="cond" truecount="2" falsecount="0"/>
        <line num="391" count="76" type="cond" truecount="2" falsecount="0"/>
        <line num="392" count="76" type="cond" truecount="2" falsecount="0"/>
        <line num="393" count="76" type="cond" truecount="2" falsecount="0"/>
        <line num="397" count="1" type="stmt"/>
        <line num="398" count="34" type="stmt"/>
        <line num="399" count="34" type="stmt"/>
        <line num="400" count="34" type="stmt"/>
        <line num="401" count="34" type="stmt"/>
        <line num="402" count="34" type="stmt"/>
        <line num="403" count="34" type="stmt"/>
        <line num="404" count="34" type="stmt"/>
        <line num="407" count="1" type="stmt"/>
        <line num="408" count="1" type="stmt"/>
        <line num="410" count="1" type="stmt"/>
      </file>
    </package>
    <package name="utils">
      <metrics statements="228" coveredstatements="163" conditionals="131" coveredconditionals="69" methods="34" coveredmethods="29"/>
      <file name="achievementUtils.js" path="/Users/omarjoudi/2nd_year/G-ING-400-LYN-4-1-codewash-6/project/src/utils/achievementUtils.js">
        <metrics statements="73" coveredstatements="70" conditionals="42" coveredconditionals="34" methods="12" coveredmethods="12"/>
        <line num="11" count="5" type="stmt"/>
        <line num="35" count="1" type="stmt"/>
        <line num="36" count="82" type="stmt"/>
        <line num="37" count="82" type="cond" truecount="2" falsecount="0"/>
        <line num="39" count="81" type="cond" truecount="2" falsecount="0"/>
        <line num="41" count="14" type="stmt"/>
        <line num="42" count="14" type="stmt"/>
        <line num="45" count="67" type="stmt"/>
        <line num="56" count="1" type="stmt"/>
        <line num="57" count="12" type="stmt"/>
        <line num="58" count="12" type="cond" truecount="3" falsecount="1"/>
        <line num="60" count="12" type="stmt"/>
        <line num="63" count="12" type="stmt"/>
        <line num="64" count="92" type="cond" truecount="2" falsecount="0"/>
        <line num="65" count="6" type="stmt"/>
        <line num="69" count="6" type="stmt"/>
        <line num="79" count="1" type="stmt"/>
        <line num="80" count="2" type="stmt"/>
        <line num="81" count="2" type="cond" truecount="3" falsecount="1"/>
        <line num="83" count="2" type="stmt"/>
        <line num="84" count="2" type="stmt"/>
        <line num="86" count="2" type="cond" truecount="1" falsecount="1"/>
        <line num="87" count="0" type="stmt"/>
        <line num="90" count="2" type="stmt"/>
        <line num="100" count="1" type="stmt"/>
        <line num="101" count="1" type="stmt"/>
        <line num="102" count="1" type="cond" truecount="3" falsecount="1"/>
        <line num="104" count="1" type="stmt"/>
        <line num="105" count="1" type="stmt"/>
        <line num="106" count="1" type="stmt"/>
        <line num="108" count="1" type="cond" truecount="1" falsecount="1"/>
        <line num="109" count="0" type="stmt"/>
        <line num="112" count="1" type="cond" truecount="1" falsecount="1"/>
        <line num="113" count="1" type="stmt"/>
        <line num="115" count="1" type="stmt"/>
        <line num="116" count="1" type="stmt"/>
        <line num="118" count="1" type="stmt"/>
        <line num="129" count="1" type="stmt"/>
        <line num="130" count="2" type="stmt"/>
        <line num="132" count="2" type="stmt"/>
        <line num="134" count="38" type="stmt"/>
        <line num="135" count="38" type="stmt"/>
        <line num="137" count="38" type="cond" truecount="4" falsecount="0"/>
        <line num="138" count="1" type="stmt"/>
        <line num="142" count="2" type="stmt"/>
        <line num="153" count="1" type="stmt"/>
        <line num="154" count="1" type="stmt"/>
        <line num="156" count="1" type="stmt"/>
        <line num="157" count="19" type="stmt"/>
        <line num="158" count="19" type="cond" truecount="2" falsecount="0"/>
        <line num="160" count="3" type="stmt"/>
        <line num="161" count="3" type="stmt"/>
        <line num="163" count="3" type="cond" truecount="2" falsecount="0"/>
        <line num="164" count="1" type="stmt"/>
        <line num="168" count="1" type="stmt"/>
        <line num="177" count="1" type="stmt"/>
        <line num="178" count="2" type="cond" truecount="2" falsecount="0"/>
        <line num="179" count="1" type="stmt"/>
        <line num="181" count="1" type="stmt"/>
        <line num="189" count="1" type="stmt"/>
        <line num="190" count="2" type="stmt"/>
        <line num="191" count="2" type="cond" truecount="2" falsecount="0"/>
        <line num="192" count="1" type="stmt"/>
        <line num="194" count="1" type="stmt"/>
        <line num="204" count="1" type="stmt"/>
        <line num="205" count="2" type="stmt"/>
        <line num="206" count="2" type="cond" truecount="1" falsecount="1"/>
        <line num="208" count="2" type="cond" truecount="1" falsecount="1"/>
        <line num="209" count="2" type="stmt"/>
        <line num="210" count="2" type="cond" truecount="2" falsecount="0"/>
        <line num="211" count="1" type="stmt"/>
        <line num="213" count="1" type="stmt"/>
        <line num="216" count="0" type="stmt"/>
      </file>
      <file name="gameUtils.js" path="/Users/omarjoudi/2nd_year/G-ING-400-LYN-4-1-codewash-6/project/src/utils/gameUtils.js">
        <metrics statements="147" coveredstatements="85" conditionals="87" coveredconditionals="34" methods="20" coveredmethods="15"/>
        <line num="3" count="1" type="stmt"/>
        <line num="4" count="20" type="stmt"/>
        <line num="5" count="1" type="cond" truecount="1" falsecount="1"/>
        <line num="9" count="1" type="stmt"/>
        <line num="10" count="0" type="stmt"/>
        <line num="11" count="0" type="cond" truecount="0" falsecount="2"/>
        <line num="14" count="1" type="stmt"/>
        <line num="15" count="0" type="stmt"/>
        <line num="16" count="0" type="cond" truecount="0" falsecount="2"/>
        <line num="19" count="1" type="stmt"/>
        <line num="20" count="0" type="stmt"/>
        <line num="21" count="0" type="cond" truecount="0" falsecount="2"/>
        <line num="26" count="1" type="stmt"/>
        <line num="27" count="7" type="stmt"/>
        <line num="28" count="7" type="cond" truecount="2" falsecount="0"/>
        <line num="29" count="4" type="cond" truecount="2" falsecount="0"/>
        <line num="30" count="2" type="stmt"/>
        <line num="33" count="1" type="stmt"/>
        <line num="35" count="6" type="cond" truecount="2" falsecount="0"/>
        <line num="36" count="3" type="cond" truecount="2" falsecount="0"/>
        <line num="37" count="2" type="cond" truecount="1" falsecount="1"/>
        <line num="38" count="0" type="stmt"/>
        <line num="39" count="0" type="stmt"/>
        <line num="42" count="3" type="cond" truecount="2" falsecount="0"/>
        <line num="43" count="1" type="cond" truecount="1" falsecount="1"/>
        <line num="47" count="2" type="stmt"/>
        <line num="49" count="2" type="cond" truecount="2" falsecount="0"/>
        <line num="51" count="1" type="cond" truecount="1" falsecount="1"/>
        <line num="54" count="1" type="cond" truecount="1" falsecount="1"/>
        <line num="56" count="0" type="cond" truecount="0" falsecount="2"/>
        <line num="61" count="1" type="stmt"/>
        <line num="68" count="1" type="cond" truecount="1" falsecount="1"/>
        <line num="69" count="1" type="cond" truecount="1" falsecount="1"/>
        <line num="74" count="0" type="stmt"/>
        <line num="75" count="0" type="cond" truecount="0" falsecount="2"/>
        <line num="76" count="6" type="cond" truecount="0" falsecount="4"/>
        <line num="82" count="1" type="stmt"/>
        <line num="83" count="1" type="stmt"/>
        <line num="86" count="1" type="stmt"/>
        <line num="87" count="1" type="stmt"/>
        <line num="88" count="1" type="stmt"/>
        <line num="89" count="1" type="stmt"/>
        <line num="93" count="1" type="stmt"/>
        <line num="94" count="12" type="stmt"/>
        <line num="99" count="1" type="stmt"/>
        <line num="100" count="2" type="stmt"/>
        <line num="101" count="2" type="stmt"/>
        <line num="105" count="1" type="stmt"/>
        <line num="106" count="2" type="stmt"/>
        <line num="107" count="2" type="stmt"/>
        <line num="112" count="1" type="stmt"/>
        <line num="113" count="6" type="stmt"/>
        <line num="118" count="1" type="stmt"/>
        <line num="120" count="2" type="cond" truecount="2" falsecount="0"/>
        <line num="121" count="1" type="stmt"/>
        <line num="122" count="1" type="stmt"/>
        <line num="125" count="1" type="stmt"/>
        <line num="128" count="1" type="stmt"/>
        <line num="131" count="1" type="stmt"/>
        <line num="132" count="1" type="stmt"/>
        <line num="135" count="1" type="cond" truecount="1" falsecount="1"/>
        <line num="136" count="1" type="stmt"/>
        <line num="141" count="0" type="stmt"/>
        <line num="142" count="0" type="stmt"/>
        <line num="144" count="0" type="stmt"/>
        <line num="149" count="1" type="stmt"/>
        <line num="151" count="3" type="cond" truecount="2" falsecount="0"/>
        <line num="152" count="2" type="stmt"/>
        <line num="153" count="2" type="stmt"/>
        <line num="156" count="1" type="stmt"/>
        <line num="159" count="1" type="stmt"/>
        <line num="163" count="1" type="stmt"/>
        <line num="165" count="1" type="stmt"/>
        <line num="171" count="1" type="stmt"/>
        <line num="172" count="1" type="cond" truecount="1" falsecount="1"/>
        <line num="173" count="1" type="stmt"/>
        <line num="175" count="0" type="cond" truecount="0" falsecount="2"/>
        <line num="176" count="1" type="cond" truecount="1" falsecount="1"/>
        <line num="177" count="1" type="cond" truecount="1" falsecount="1"/>
        <line num="178" count="1" type="stmt"/>
        <line num="184" count="1" type="stmt"/>
        <line num="185" count="1" type="cond" truecount="1" falsecount="1"/>
        <line num="188" count="1" type="cond" truecount="1" falsecount="1"/>
        <line num="189" count="1" type="stmt"/>
        <line num="216" count="1" type="stmt"/>
        <line num="217" count="1" type="stmt"/>
        <line num="221" count="0" type="cond" truecount="0" falsecount="2"/>
        <line num="222" count="0" type="stmt"/>
        <line num="236" count="0" type="stmt"/>
        <line num="237" count="0" type="stmt"/>
        <line num="241" count="0" type="cond" truecount="0" falsecount="2"/>
        <line num="242" count="1" type="cond" truecount="1" falsecount="1"/>
        <line num="243" count="1" type="stmt"/>
        <line num="247" count="1" type="cond" truecount="0" falsecount="5"/>
        <line num="249" count="0" type="stmt"/>
        <line num="250" count="0" type="stmt"/>
        <line num="251" count="0" type="stmt"/>
        <line num="252" count="0" type="stmt"/>
        <line num="253" count="0" type="stmt"/>
        <line num="256" count="0" type="stmt"/>
        <line num="257" count="0" type="stmt"/>
        <line num="258" count="0" type="stmt"/>
        <line num="259" count="0" type="stmt"/>
        <line num="260" count="0" type="stmt"/>
        <line num="262" count="0" type="cond" truecount="0" falsecount="2"/>
        <line num="263" count="0" type="stmt"/>
        <line num="264" count="0" type="stmt"/>
        <line num="265" count="0" type="stmt"/>
        <line num="266" count="0" type="stmt"/>
        <line num="267" count="0" type="stmt"/>
        <line num="271" count="0" type="cond" truecount="0" falsecount="2"/>
        <line num="272" count="0" type="stmt"/>
        <line num="273" count="0" type="stmt"/>
        <line num="274" count="0" type="stmt"/>
        <line num="275" count="0" type="stmt"/>
        <line num="276" count="0" type="stmt"/>
        <line num="277" count="0" type="stmt"/>
        <line num="280" count="0" type="stmt"/>
        <line num="281" count="0" type="stmt"/>
        <line num="282" count="0" type="stmt"/>
        <line num="283" count="0" type="stmt"/>
        <line num="286" count="0" type="stmt"/>
        <line num="293" count="1" type="stmt"/>
        <line num="295" count="1" type="stmt"/>
        <line num="296" count="1" type="stmt"/>
        <line num="298" count="1" type="cond" truecount="3" falsecount="1"/>
        <line num="300" count="0" type="stmt"/>
        <line num="301" count="0" type="stmt"/>
        <line num="302" count="0" type="stmt"/>
        <line num="310" count="1" type="stmt"/>
        <line num="311" count="1" type="stmt"/>
        <line num="321" count="1" type="stmt"/>
        <line num="323" count="76" type="stmt"/>
        <line num="324" count="1" type="cond" truecount="1" falsecount="1"/>
        <line num="325" count="1" type="stmt"/>
        <line num="326" count="1" type="stmt"/>
        <line num="335" count="0" type="stmt"/>
        <line num="336" count="0" type="stmt"/>
        <line num="337" count="0" type="cond" truecount="0" falsecount="2"/>
        <line num="338" count="0" type="stmt"/>
        <line num="339" count="0" type="stmt"/>
        <line num="340" count="0" type="cond" truecount="0" falsecount="2"/>
        <line num="341" count="0" type="stmt"/>
        <line num="355" count="0" type="stmt"/>
        <line num="356" count="0" type="stmt"/>
        <line num="358" count="0" type="stmt"/>
        <line num="359" count="0" type="stmt"/>
      </file>
      <file name="mobDisplayUtils.js" path="/Users/omarjoudi/2nd_year/G-ING-400-LYN-4-1-codewash-6/project/src/utils/mobDisplayUtils.js">
        <metrics statements="8" coveredstatements="8" conditionals="2" coveredconditionals="1" methods="2" coveredmethods="2"/>
        <line num="4" count="1" type="stmt"/>
        <line num="7" count="1" type="stmt"/>
        <line num="22" count="1" type="stmt"/>
        <line num="23" count="2" type="stmt"/>
        <line num="32" count="1" type="stmt"/>
        <line num="33" count="1" type="stmt"/>
        <line num="34" count="1" type="cond" truecount="1" falsecount="1"/>
        <line num="38" count="1" type="stmt"/>
      </file>
    </package>
  </project>
</coverage>
