{"/Users/omarjoudi/2nd_year/G-ING-400-LYN-4-1-codewash-6/project/src/constants/achievements.js": {"path":"/Users/omarjoudi/2nd_year/G-ING-400-LYN-4-1-codewash-6/project/src/constants/achievements.js","statementMap":{"0":{"start":{"line":15,"column":27},"end":{"line":24,"column":null}},"1":{"start":{"line":26,"column":26},"end":{"line":26,"column":null}},"2":{"start":{"line":32,"column":36},"end":{"line":41,"column":null}},"3":{"start":{"line":43,"column":36},"end":{"line":52,"column":null}},"4":{"start":{"line":54,"column":35},"end":{"line":63,"column":null}},"5":{"start":{"line":69,"column":28},"end":{"line":310,"column":null}},"6":{"start":{"line":79,"column":32},"end":{"line":79,"column":null}},"7":{"start":{"line":91,"column":12},"end":{"line":91,"column":null}},"8":{"start":{"line":91,"column":64},"end":{"line":91,"column":90}},"9":{"start":{"line":104,"column":27},"end":{"line":104,"column":71}},"10":{"start":{"line":104,"column":58},"end":{"line":104,"column":71}},"11":{"start":{"line":105,"column":12},"end":{"line":105,"column":null}},"12":{"start":{"line":108,"column":27},"end":{"line":108,"column":71}},"13":{"start":{"line":108,"column":58},"end":{"line":108,"column":71}},"14":{"start":{"line":109,"column":29},"end":{"line":109,"column":48}},"15":{"start":{"line":110,"column":26},"end":{"line":110,"column":null}},"16":{"start":{"line":110,"column":45},"end":{"line":110,"column":59}},"17":{"start":{"line":111,"column":12},"end":{"line":111,"column":null}},"18":{"start":{"line":123,"column":22},"end":{"line":123,"column":null}},"19":{"start":{"line":134,"column":12},"end":{"line":134,"column":null}},"20":{"start":{"line":134,"column":46},"end":{"line":134,"column":71}},"21":{"start":{"line":145,"column":22},"end":{"line":145,"column":null}},"22":{"start":{"line":155,"column":22},"end":{"line":155,"column":null}},"23":{"start":{"line":165,"column":22},"end":{"line":165,"column":null}},"24":{"start":{"line":175,"column":22},"end":{"line":175,"column":null}},"25":{"start":{"line":185,"column":22},"end":{"line":185,"column":null}},"26":{"start":{"line":197,"column":39},"end":{"line":197,"column":null}},"27":{"start":{"line":198,"column":29},"end":{"line":198,"column":65}},"28":{"start":{"line":199,"column":12},"end":{"line":199,"column":null}},"29":{"start":{"line":199,"column":50},"end":{"line":199,"column":71}},"30":{"start":{"line":212,"column":35},"end":{"line":212,"column":null}},"31":{"start":{"line":213,"column":29},"end":{"line":213,"column":61}},"32":{"start":{"line":214,"column":12},"end":{"line":214,"column":null}},"33":{"start":{"line":214,"column":45},"end":{"line":214,"column":65}},"34":{"start":{"line":227,"column":33},"end":{"line":232,"column":null}},"35":{"start":{"line":233,"column":29},"end":{"line":233,"column":59}},"36":{"start":{"line":234,"column":12},"end":{"line":234,"column":null}},"37":{"start":{"line":234,"column":43},"end":{"line":234,"column":63}},"38":{"start":{"line":245,"column":22},"end":{"line":245,"column":null}},"39":{"start":{"line":255,"column":22},"end":{"line":255,"column":null}},"40":{"start":{"line":266,"column":31},"end":{"line":266,"column":53}},"41":{"start":{"line":267,"column":12},"end":{"line":267,"column":null}},"42":{"start":{"line":279,"column":12},"end":{"line":279,"column":null}},"43":{"start":{"line":279,"column":46},"end":{"line":279,"column":76}},"44":{"start":{"line":291,"column":12},"end":{"line":293,"column":null}},"45":{"start":{"line":292,"column":17},"end":{"line":292,"column":null}},"46":{"start":{"line":305,"column":12},"end":{"line":307,"column":null}},"47":{"start":{"line":306,"column":17},"end":{"line":306,"column":null}},"48":{"start":{"line":313,"column":13},"end":{"line":313,"column":67}},"49":{"start":{"line":313,"column":40},"end":{"line":313,"column":67}},"50":{"start":{"line":316,"column":13},"end":{"line":317,"column":null}},"51":{"start":{"line":317,"column":4},"end":{"line":317,"column":null}},"52":{"start":{"line":317,"column":44},"end":{"line":317,"column":68}}},"fnMap":{"0":{"name":"(anonymous_0)","decl":{"start":{"line":79,"column":8},"end":{"line":79,"column":22}},"loc":{"start":{"line":79,"column":32},"end":{"line":79,"column":null}},"line":79},"1":{"name":"(anonymous_1)","decl":{"start":{"line":90,"column":8},"end":{"line":90,"column":22}},"loc":{"start":{"line":90,"column":40},"end":{"line":91,"column":null}},"line":90},"2":{"name":"(anonymous_2)","decl":{"start":{"line":91,"column":41},"end":{"line":91,"column":49}},"loc":{"start":{"line":91,"column":64},"end":{"line":91,"column":90}},"line":91},"3":{"name":"(anonymous_3)","decl":{"start":{"line":103,"column":8},"end":{"line":103,"column":22}},"loc":{"start":{"line":103,"column":40},"end":{"line":105,"column":null}},"line":103},"4":{"name":"(anonymous_4)","decl":{"start":{"line":104,"column":49},"end":{"line":104,"column":53}},"loc":{"start":{"line":104,"column":58},"end":{"line":104,"column":71}},"line":104},"5":{"name":"(anonymous_5)","decl":{"start":{"line":107,"column":8},"end":{"line":107,"column":26}},"loc":{"start":{"line":107,"column":44},"end":{"line":111,"column":null}},"line":107},"6":{"name":"(anonymous_6)","decl":{"start":{"line":108,"column":49},"end":{"line":108,"column":53}},"loc":{"start":{"line":108,"column":58},"end":{"line":108,"column":71}},"line":108},"7":{"name":"(anonymous_7)","decl":{"start":{"line":110,"column":33},"end":{"line":110,"column":40}},"loc":{"start":{"line":110,"column":45},"end":{"line":110,"column":59}},"line":110},"8":{"name":"(anonymous_8)","decl":{"start":{"line":123,"column":8},"end":{"line":123,"column":22}},"loc":{"start":{"line":123,"column":22},"end":{"line":123,"column":null}},"line":123},"9":{"name":"(anonymous_9)","decl":{"start":{"line":133,"column":8},"end":{"line":133,"column":22}},"loc":{"start":{"line":133,"column":40},"end":{"line":134,"column":null}},"line":133},"10":{"name":"(anonymous_10)","decl":{"start":{"line":134,"column":41},"end":{"line":134,"column":46}},"loc":{"start":{"line":134,"column":46},"end":{"line":134,"column":71}},"line":134},"11":{"name":"(anonymous_11)","decl":{"start":{"line":145,"column":8},"end":{"line":145,"column":22}},"loc":{"start":{"line":145,"column":22},"end":{"line":145,"column":null}},"line":145},"12":{"name":"(anonymous_12)","decl":{"start":{"line":155,"column":8},"end":{"line":155,"column":22}},"loc":{"start":{"line":155,"column":22},"end":{"line":155,"column":null}},"line":155},"13":{"name":"(anonymous_13)","decl":{"start":{"line":165,"column":8},"end":{"line":165,"column":22}},"loc":{"start":{"line":165,"column":22},"end":{"line":165,"column":null}},"line":165},"14":{"name":"(anonymous_14)","decl":{"start":{"line":175,"column":8},"end":{"line":175,"column":22}},"loc":{"start":{"line":175,"column":22},"end":{"line":175,"column":null}},"line":175},"15":{"name":"(anonymous_15)","decl":{"start":{"line":185,"column":8},"end":{"line":185,"column":22}},"loc":{"start":{"line":185,"column":22},"end":{"line":185,"column":null}},"line":185},"16":{"name":"(anonymous_16)","decl":{"start":{"line":195,"column":8},"end":{"line":195,"column":22}},"loc":{"start":{"line":195,"column":32},"end":{"line":199,"column":null}},"line":195},"17":{"name":"(anonymous_17)","decl":{"start":{"line":199,"column":38},"end":{"line":199,"column":44}},"loc":{"start":{"line":199,"column":50},"end":{"line":199,"column":71}},"line":199},"18":{"name":"(anonymous_18)","decl":{"start":{"line":210,"column":8},"end":{"line":210,"column":22}},"loc":{"start":{"line":210,"column":32},"end":{"line":214,"column":null}},"line":210},"19":{"name":"(anonymous_19)","decl":{"start":{"line":214,"column":34},"end":{"line":214,"column":40}},"loc":{"start":{"line":214,"column":45},"end":{"line":214,"column":65}},"line":214},"20":{"name":"(anonymous_20)","decl":{"start":{"line":225,"column":8},"end":{"line":225,"column":22}},"loc":{"start":{"line":225,"column":32},"end":{"line":234,"column":null}},"line":225},"21":{"name":"(anonymous_21)","decl":{"start":{"line":234,"column":32},"end":{"line":234,"column":38}},"loc":{"start":{"line":234,"column":43},"end":{"line":234,"column":63}},"line":234},"22":{"name":"(anonymous_22)","decl":{"start":{"line":245,"column":8},"end":{"line":245,"column":22}},"loc":{"start":{"line":245,"column":22},"end":{"line":245,"column":null}},"line":245},"23":{"name":"(anonymous_23)","decl":{"start":{"line":255,"column":8},"end":{"line":255,"column":22}},"loc":{"start":{"line":255,"column":22},"end":{"line":255,"column":null}},"line":255},"24":{"name":"(anonymous_24)","decl":{"start":{"line":265,"column":8},"end":{"line":265,"column":22}},"loc":{"start":{"line":265,"column":32},"end":{"line":267,"column":null}},"line":265},"25":{"name":"(anonymous_25)","decl":{"start":{"line":278,"column":8},"end":{"line":278,"column":22}},"loc":{"start":{"line":278,"column":40},"end":{"line":279,"column":null}},"line":278},"26":{"name":"(anonymous_26)","decl":{"start":{"line":279,"column":41},"end":{"line":279,"column":46}},"loc":{"start":{"line":279,"column":46},"end":{"line":279,"column":76}},"line":279},"27":{"name":"(anonymous_27)","decl":{"start":{"line":290,"column":8},"end":{"line":290,"column":22}},"loc":{"start":{"line":290,"column":40},"end":{"line":293,"column":null}},"line":290},"28":{"name":"(anonymous_28)","decl":{"start":{"line":291,"column":41},"end":{"line":291,"column":46}},"loc":{"start":{"line":292,"column":17},"end":{"line":292,"column":null}},"line":292},"29":{"name":"(anonymous_29)","decl":{"start":{"line":304,"column":8},"end":{"line":304,"column":22}},"loc":{"start":{"line":304,"column":40},"end":{"line":307,"column":null}},"line":304},"30":{"name":"(anonymous_30)","decl":{"start":{"line":305,"column":41},"end":{"line":305,"column":46}},"loc":{"start":{"line":306,"column":17},"end":{"line":306,"column":null}},"line":306},"31":{"name":"(anonymous_31)","decl":{"start":{"line":313,"column":13},"end":{"line":313,"column":40}},"loc":{"start":{"line":313,"column":40},"end":{"line":313,"column":67}},"line":313},"32":{"name":"(anonymous_32)","decl":{"start":{"line":316,"column":13},"end":{"line":316,"column":42}},"loc":{"start":{"line":316,"column":55},"end":{"line":317,"column":null}},"line":316},"33":{"name":"(anonymous_33)","decl":{"start":{"line":317,"column":32},"end":{"line":317,"column":39}},"loc":{"start":{"line":317,"column":44},"end":{"line":317,"column":68}},"line":317}},"branchMap":{"0":{"loc":{"start":{"line":79,"column":32},"end":{"line":79,"column":null}},"type":"binary-expr","locations":[{"start":{"line":79,"column":32},"end":{"line":79,"column":56}},{"start":{"line":79,"column":56},"end":{"line":79,"column":null}}],"line":79},"1":{"loc":{"start":{"line":91,"column":71},"end":{"line":91,"column":90}},"type":"binary-expr","locations":[{"start":{"line":91,"column":71},"end":{"line":91,"column":86}},{"start":{"line":91,"column":86},"end":{"line":91,"column":90}}],"line":91},"2":{"loc":{"start":{"line":104,"column":58},"end":{"line":104,"column":71}},"type":"binary-expr","locations":[{"start":{"line":104,"column":58},"end":{"line":104,"column":69}},{"start":{"line":104,"column":69},"end":{"line":104,"column":71}}],"line":104},"3":{"loc":{"start":{"line":108,"column":58},"end":{"line":108,"column":71}},"type":"binary-expr","locations":[{"start":{"line":108,"column":58},"end":{"line":108,"column":69}},{"start":{"line":108,"column":69},"end":{"line":108,"column":71}}],"line":108},"4":{"loc":{"start":{"line":123,"column":33},"end":{"line":123,"column":66}},"type":"binary-expr","locations":[{"start":{"line":123,"column":33},"end":{"line":123,"column":60}},{"start":{"line":123,"column":60},"end":{"line":123,"column":66}}],"line":123},"5":{"loc":{"start":{"line":134,"column":52},"end":{"line":134,"column":69}},"type":"binary-expr","locations":[{"start":{"line":134,"column":52},"end":{"line":134,"column":63}},{"start":{"line":134,"column":63},"end":{"line":134,"column":69}}],"line":134},"6":{"loc":{"start":{"line":145,"column":33},"end":{"line":145,"column":61}},"type":"binary-expr","locations":[{"start":{"line":145,"column":33},"end":{"line":145,"column":55}},{"start":{"line":145,"column":55},"end":{"line":145,"column":61}}],"line":145},"7":{"loc":{"start":{"line":155,"column":33},"end":{"line":155,"column":62}},"type":"binary-expr","locations":[{"start":{"line":155,"column":33},"end":{"line":155,"column":56}},{"start":{"line":155,"column":56},"end":{"line":155,"column":62}}],"line":155},"8":{"loc":{"start":{"line":165,"column":33},"end":{"line":165,"column":60}},"type":"binary-expr","locations":[{"start":{"line":165,"column":33},"end":{"line":165,"column":54}},{"start":{"line":165,"column":54},"end":{"line":165,"column":60}}],"line":165},"9":{"loc":{"start":{"line":175,"column":33},"end":{"line":175,"column":68}},"type":"binary-expr","locations":[{"start":{"line":175,"column":33},"end":{"line":175,"column":62}},{"start":{"line":175,"column":62},"end":{"line":175,"column":68}}],"line":175},"10":{"loc":{"start":{"line":185,"column":33},"end":{"line":185,"column":72}},"type":"binary-expr","locations":[{"start":{"line":185,"column":33},"end":{"line":185,"column":66}},{"start":{"line":185,"column":66},"end":{"line":185,"column":72}}],"line":185},"11":{"loc":{"start":{"line":198,"column":29},"end":{"line":198,"column":65}},"type":"binary-expr","locations":[{"start":{"line":198,"column":29},"end":{"line":198,"column":63}},{"start":{"line":198,"column":63},"end":{"line":198,"column":65}}],"line":198},"12":{"loc":{"start":{"line":213,"column":29},"end":{"line":213,"column":61}},"type":"binary-expr","locations":[{"start":{"line":213,"column":29},"end":{"line":213,"column":59}},{"start":{"line":213,"column":59},"end":{"line":213,"column":61}}],"line":213},"13":{"loc":{"start":{"line":233,"column":29},"end":{"line":233,"column":59}},"type":"binary-expr","locations":[{"start":{"line":233,"column":29},"end":{"line":233,"column":57}},{"start":{"line":233,"column":57},"end":{"line":233,"column":59}}],"line":233},"14":{"loc":{"start":{"line":245,"column":33},"end":{"line":245,"column":67}},"type":"binary-expr","locations":[{"start":{"line":245,"column":33},"end":{"line":245,"column":61}},{"start":{"line":245,"column":61},"end":{"line":245,"column":67}}],"line":245},"15":{"loc":{"start":{"line":255,"column":33},"end":{"line":255,"column":67}},"type":"binary-expr","locations":[{"start":{"line":255,"column":33},"end":{"line":255,"column":61}},{"start":{"line":255,"column":61},"end":{"line":255,"column":67}}],"line":255},"16":{"loc":{"start":{"line":266,"column":31},"end":{"line":266,"column":53}},"type":"binary-expr","locations":[{"start":{"line":266,"column":31},"end":{"line":266,"column":51}},{"start":{"line":266,"column":51},"end":{"line":266,"column":53}}],"line":266},"17":{"loc":{"start":{"line":279,"column":52},"end":{"line":279,"column":74}},"type":"binary-expr","locations":[{"start":{"line":279,"column":52},"end":{"line":279,"column":68}},{"start":{"line":279,"column":68},"end":{"line":279,"column":74}}],"line":279},"18":{"loc":{"start":{"line":292,"column":17},"end":{"line":292,"column":null}},"type":"binary-expr","locations":[{"start":{"line":292,"column":17},"end":{"line":292,"column":35}},{"start":{"line":292,"column":35},"end":{"line":292,"column":null}}],"line":292},"19":{"loc":{"start":{"line":306,"column":17},"end":{"line":306,"column":null}},"type":"binary-expr","locations":[{"start":{"line":306,"column":17},"end":{"line":306,"column":35}},{"start":{"line":306,"column":35},"end":{"line":306,"column":null}}],"line":306}},"s":{"0":1,"1":1,"2":1,"3":1,"4":1,"5":1,"6":15,"7":6,"8":36,"9":6,"10":36,"11":6,"12":0,"13":0,"14":0,"15":0,"16":0,"17":0,"18":6,"19":5,"20":25,"21":4,"22":4,"23":4,"24":4,"25":4,"26":4,"27":4,"28":4,"29":4,"30":4,"31":4,"32":4,"33":4,"34":4,"35":4,"36":4,"37":4,"38":4,"39":4,"40":4,"41":4,"42":4,"43":24,"44":4,"45":24,"46":4,"47":24,"48":1,"49":0,"50":1,"51":0,"52":0},"f":{"0":15,"1":6,"2":36,"3":6,"4":36,"5":0,"6":0,"7":0,"8":6,"9":5,"10":25,"11":4,"12":4,"13":4,"14":4,"15":4,"16":4,"17":4,"18":4,"19":4,"20":4,"21":4,"22":4,"23":4,"24":4,"25":4,"26":24,"27":4,"28":24,"29":4,"30":24,"31":0,"32":0,"33":0},"b":{"0":[15,5],"1":[36,0],"2":[36,0],"3":[0,0],"4":[6,4],"5":[25,0],"6":[4,4],"7":[4,4],"8":[4,4],"9":[4,4],"10":[4,4],"11":[4,0],"12":[4,0],"13":[4,0],"14":[4,4],"15":[4,4],"16":[4,0],"17":[24,0],"18":[24,0],"19":[24,0]},"meta":{"lastBranch":20,"lastFunction":34,"lastStatement":53,"seen":{"s:15:27:24:Infinity":0,"s:26:26:26:Infinity":1,"s:32:36:41:Infinity":2,"s:43:36:52:Infinity":3,"s:54:35:63:Infinity":4,"s:69:28:310:Infinity":5,"f:79:8:79:22":0,"s:79:32:79:Infinity":6,"b:79:32:79:56:79:56:79:Infinity":0,"f:90:8:90:22":1,"s:91:12:91:Infinity":7,"f:91:41:91:49":2,"s:91:64:91:90":8,"b:91:71:91:86:91:86:91:90":1,"f:103:8:103:22":3,"s:104:27:104:71":9,"f:104:49:104:53":4,"s:104:58:104:71":10,"b:104:58:104:69:104:69:104:71":2,"s:105:12:105:Infinity":11,"f:107:8:107:26":5,"s:108:27:108:71":12,"f:108:49:108:53":6,"s:108:58:108:71":13,"b:108:58:108:69:108:69:108:71":3,"s:109:29:109:48":14,"s:110:26:110:Infinity":15,"f:110:33:110:40":7,"s:110:45:110:59":16,"s:111:12:111:Infinity":17,"f:123:8:123:22":8,"s:123:22:123:Infinity":18,"b:123:33:123:60:123:60:123:66":4,"f:133:8:133:22":9,"s:134:12:134:Infinity":19,"f:134:41:134:46":10,"s:134:46:134:71":20,"b:134:52:134:63:134:63:134:69":5,"f:145:8:145:22":11,"s:145:22:145:Infinity":21,"b:145:33:145:55:145:55:145:61":6,"f:155:8:155:22":12,"s:155:22:155:Infinity":22,"b:155:33:155:56:155:56:155:62":7,"f:165:8:165:22":13,"s:165:22:165:Infinity":23,"b:165:33:165:54:165:54:165:60":8,"f:175:8:175:22":14,"s:175:22:175:Infinity":24,"b:175:33:175:62:175:62:175:68":9,"f:185:8:185:22":15,"s:185:22:185:Infinity":25,"b:185:33:185:66:185:66:185:72":10,"f:195:8:195:22":16,"s:197:39:197:Infinity":26,"s:198:29:198:65":27,"b:198:29:198:63:198:63:198:65":11,"s:199:12:199:Infinity":28,"f:199:38:199:44":17,"s:199:50:199:71":29,"f:210:8:210:22":18,"s:212:35:212:Infinity":30,"s:213:29:213:61":31,"b:213:29:213:59:213:59:213:61":12,"s:214:12:214:Infinity":32,"f:214:34:214:40":19,"s:214:45:214:65":33,"f:225:8:225:22":20,"s:227:33:232:Infinity":34,"s:233:29:233:59":35,"b:233:29:233:57:233:57:233:59":13,"s:234:12:234:Infinity":36,"f:234:32:234:38":21,"s:234:43:234:63":37,"f:245:8:245:22":22,"s:245:22:245:Infinity":38,"b:245:33:245:61:245:61:245:67":14,"f:255:8:255:22":23,"s:255:22:255:Infinity":39,"b:255:33:255:61:255:61:255:67":15,"f:265:8:265:22":24,"s:266:31:266:53":40,"b:266:31:266:51:266:51:266:53":16,"s:267:12:267:Infinity":41,"f:278:8:278:22":25,"s:279:12:279:Infinity":42,"f:279:41:279:46":26,"s:279:46:279:76":43,"b:279:52:279:68:279:68:279:74":17,"f:290:8:290:22":27,"s:291:12:293:Infinity":44,"f:291:41:291:46":28,"s:292:17:292:Infinity":45,"b:292:17:292:35:292:35:292:Infinity":18,"f:304:8:304:22":29,"s:305:12:307:Infinity":46,"f:305:41:305:46":30,"s:306:17:306:Infinity":47,"b:306:17:306:35:306:35:306:Infinity":19,"s:313:13:313:67":48,"f:313:13:313:40":31,"s:313:40:313:67":49,"s:316:13:317:Infinity":50,"f:316:13:316:42":32,"s:317:4:317:Infinity":51,"f:317:32:317:39":33,"s:317:44:317:68":52}}}
,"/Users/omarjoudi/2nd_year/G-ING-400-LYN-4-1-codewash-6/project/src/constants/gameData.jsx": {"path":"/Users/omarjoudi/2nd_year/G-ING-400-LYN-4-1-codewash-6/project/src/constants/gameData.jsx","statementMap":{"0":{"start":{"line":1,"column":27},"end":{"line":24,"column":null}},"1":{"start":{"line":26,"column":29},"end":{"line":53,"column":null}},"2":{"start":{"line":55,"column":28},"end":{"line":76,"column":null}},"3":{"start":{"line":78,"column":28},"end":{"line":85,"column":null}},"4":{"start":{"line":88,"column":30},"end":{"line":88,"column":60}},"5":{"start":{"line":90,"column":25},"end":{"line":95,"column":null}},"6":{"start":{"line":97,"column":29},"end":{"line":102,"column":null}},"7":{"start":{"line":106,"column":34},"end":{"line":162,"column":null}},"8":{"start":{"line":165,"column":33},"end":{"line":173,"column":null}},"9":{"start":{"line":175,"column":28},"end":{"line":212,"column":null}},"10":{"start":{"line":214,"column":27},"end":{"line":214,"column":null}},"11":{"start":{"line":215,"column":27},"end":{"line":215,"column":null}},"12":{"start":{"line":218,"column":29},"end":{"line":225,"column":null}},"13":{"start":{"line":228,"column":32},"end":{"line":237,"column":null}},"14":{"start":{"line":240,"column":30},"end":{"line":275,"column":null}},"15":{"start":{"line":279,"column":13},"end":{"line":295,"column":null}},"16":{"start":{"line":280,"column":25},"end":{"line":293,"column":null}},"17":{"start":{"line":295,"column":4},"end":{"line":295,"column":null}},"18":{"start":{"line":299,"column":34},"end":{"line":385,"column":null}},"19":{"start":{"line":388,"column":40},"end":{"line":394,"column":null}},"20":{"start":{"line":389,"column":38},"end":{"line":389,"column":69}},"21":{"start":{"line":390,"column":38},"end":{"line":390,"column":69}},"22":{"start":{"line":391,"column":38},"end":{"line":391,"column":69}},"23":{"start":{"line":392,"column":38},"end":{"line":392,"column":70}},"24":{"start":{"line":393,"column":38},"end":{"line":393,"column":null}},"25":{"start":{"line":397,"column":39},"end":{"line":405,"column":null}},"26":{"start":{"line":398,"column":34},"end":{"line":398,"column":49}},"27":{"start":{"line":399,"column":34},"end":{"line":399,"column":49}},"28":{"start":{"line":400,"column":34},"end":{"line":400,"column":49}},"29":{"start":{"line":401,"column":34},"end":{"line":401,"column":49}},"30":{"start":{"line":402,"column":34},"end":{"line":402,"column":49}},"31":{"start":{"line":403,"column":34},"end":{"line":403,"column":49}},"32":{"start":{"line":404,"column":34},"end":{"line":404,"column":null}},"33":{"start":{"line":407,"column":26},"end":{"line":407,"column":null}},"34":{"start":{"line":408,"column":24},"end":{"line":408,"column":49}},"35":{"start":{"line":410,"column":26},"end":{"line":417,"column":null}}},"fnMap":{"0":{"name":"(anonymous_0)","decl":{"start":{"line":279,"column":13},"end":{"line":279,"column":34}},"loc":{"start":{"line":279,"column":43},"end":{"line":295,"column":null}},"line":279},"1":{"name":"(anonymous_1)","decl":{"start":{"line":389,"column":26},"end":{"line":389,"column":33}},"loc":{"start":{"line":389,"column":38},"end":{"line":389,"column":69}},"line":389},"2":{"name":"(anonymous_2)","decl":{"start":{"line":390,"column":26},"end":{"line":390,"column":33}},"loc":{"start":{"line":390,"column":38},"end":{"line":390,"column":69}},"line":390},"3":{"name":"(anonymous_3)","decl":{"start":{"line":391,"column":26},"end":{"line":391,"column":33}},"loc":{"start":{"line":391,"column":38},"end":{"line":391,"column":69}},"line":391},"4":{"name":"(anonymous_4)","decl":{"start":{"line":392,"column":26},"end":{"line":392,"column":33}},"loc":{"start":{"line":392,"column":38},"end":{"line":392,"column":70}},"line":392},"5":{"name":"(anonymous_5)","decl":{"start":{"line":393,"column":26},"end":{"line":393,"column":33}},"loc":{"start":{"line":393,"column":38},"end":{"line":393,"column":null}},"line":393},"6":{"name":"(anonymous_6)","decl":{"start":{"line":398,"column":22},"end":{"line":398,"column":29}},"loc":{"start":{"line":398,"column":34},"end":{"line":398,"column":49}},"line":398},"7":{"name":"(anonymous_7)","decl":{"start":{"line":399,"column":22},"end":{"line":399,"column":29}},"loc":{"start":{"line":399,"column":34},"end":{"line":399,"column":49}},"line":399},"8":{"name":"(anonymous_8)","decl":{"start":{"line":400,"column":22},"end":{"line":400,"column":29}},"loc":{"start":{"line":400,"column":34},"end":{"line":400,"column":49}},"line":400},"9":{"name":"(anonymous_9)","decl":{"start":{"line":401,"column":22},"end":{"line":401,"column":29}},"loc":{"start":{"line":401,"column":34},"end":{"line":401,"column":49}},"line":401},"10":{"name":"(anonymous_10)","decl":{"start":{"line":402,"column":22},"end":{"line":402,"column":29}},"loc":{"start":{"line":402,"column":34},"end":{"line":402,"column":49}},"line":402},"11":{"name":"(anonymous_11)","decl":{"start":{"line":403,"column":22},"end":{"line":403,"column":29}},"loc":{"start":{"line":403,"column":34},"end":{"line":403,"column":49}},"line":403},"12":{"name":"(anonymous_12)","decl":{"start":{"line":404,"column":22},"end":{"line":404,"column":29}},"loc":{"start":{"line":404,"column":34},"end":{"line":404,"column":null}},"line":404}},"branchMap":{"0":{"loc":{"start":{"line":295,"column":11},"end":{"line":295,"column":105}},"type":"binary-expr","locations":[{"start":{"line":295,"column":11},"end":{"line":295,"column":47}},{"start":{"line":295,"column":47},"end":{"line":295,"column":105}}],"line":295},"1":{"loc":{"start":{"line":389,"column":38},"end":{"line":389,"column":69}},"type":"binary-expr","locations":[{"start":{"line":389,"column":38},"end":{"line":389,"column":55}},{"start":{"line":389,"column":55},"end":{"line":389,"column":69}}],"line":389},"2":{"loc":{"start":{"line":390,"column":38},"end":{"line":390,"column":69}},"type":"binary-expr","locations":[{"start":{"line":390,"column":38},"end":{"line":390,"column":55}},{"start":{"line":390,"column":55},"end":{"line":390,"column":69}}],"line":390},"3":{"loc":{"start":{"line":391,"column":38},"end":{"line":391,"column":69}},"type":"binary-expr","locations":[{"start":{"line":391,"column":38},"end":{"line":391,"column":55}},{"start":{"line":391,"column":55},"end":{"line":391,"column":69}}],"line":391},"4":{"loc":{"start":{"line":392,"column":38},"end":{"line":392,"column":70}},"type":"binary-expr","locations":[{"start":{"line":392,"column":38},"end":{"line":392,"column":55}},{"start":{"line":392,"column":55},"end":{"line":392,"column":70}}],"line":392},"5":{"loc":{"start":{"line":393,"column":38},"end":{"line":393,"column":null}},"type":"binary-expr","locations":[{"start":{"line":393,"column":38},"end":{"line":393,"column":55}},{"start":{"line":393,"column":55},"end":{"line":393,"column":null}}],"line":393}},"s":{"0":1,"1":1,"2":1,"3":1,"4":1,"5":1,"6":1,"7":1,"8":1,"9":1,"10":1,"11":1,"12":1,"13":1,"14":1,"15":1,"16":0,"17":0,"18":1,"19":1,"20":76,"21":76,"22":76,"23":76,"24":76,"25":1,"26":34,"27":34,"28":34,"29":34,"30":34,"31":34,"32":34,"33":1,"34":1,"35":1},"f":{"0":0,"1":76,"2":76,"3":76,"4":76,"5":76,"6":34,"7":34,"8":34,"9":34,"10":34,"11":34,"12":34},"b":{"0":[0,0],"1":[76,76],"2":[76,53],"3":[76,41],"4":[76,29],"5":[76,15]},"meta":{"lastBranch":6,"lastFunction":13,"lastStatement":36,"seen":{"s:1:27:24:Infinity":0,"s:26:29:53:Infinity":1,"s:55:28:76:Infinity":2,"s:78:28:85:Infinity":3,"s:88:30:88:60":4,"s:90:25:95:Infinity":5,"s:97:29:102:Infinity":6,"s:106:34:162:Infinity":7,"s:165:33:173:Infinity":8,"s:175:28:212:Infinity":9,"s:214:27:214:Infinity":10,"s:215:27:215:Infinity":11,"s:218:29:225:Infinity":12,"s:228:32:237:Infinity":13,"s:240:30:275:Infinity":14,"s:279:13:295:Infinity":15,"f:279:13:279:34":0,"s:280:25:293:Infinity":16,"s:295:4:295:Infinity":17,"b:295:11:295:47:295:47:295:105":0,"s:299:34:385:Infinity":18,"s:388:40:394:Infinity":19,"f:389:26:389:33":1,"s:389:38:389:69":20,"b:389:38:389:55:389:55:389:69":1,"f:390:26:390:33":2,"s:390:38:390:69":21,"b:390:38:390:55:390:55:390:69":2,"f:391:26:391:33":3,"s:391:38:391:69":22,"b:391:38:391:55:391:55:391:69":3,"f:392:26:392:33":4,"s:392:38:392:70":23,"b:392:38:392:55:392:55:392:70":4,"f:393:26:393:33":5,"s:393:38:393:Infinity":24,"b:393:38:393:55:393:55:393:Infinity":5,"s:397:39:405:Infinity":25,"f:398:22:398:29":6,"s:398:34:398:49":26,"f:399:22:399:29":7,"s:399:34:399:49":27,"f:400:22:400:29":8,"s:400:34:400:49":28,"f:401:22:401:29":9,"s:401:34:401:49":29,"f:402:22:402:29":10,"s:402:34:402:49":30,"f:403:22:403:29":11,"s:403:34:403:49":31,"f:404:22:404:29":12,"s:404:34:404:Infinity":32,"s:407:26:407:Infinity":33,"s:408:24:408:49":34,"s:410:26:417:Infinity":35}}}
,"/Users/omarjoudi/2nd_year/G-ING-400-LYN-4-1-codewash-6/project/src/utils/achievementUtils.js": {"path":"/Users/omarjoudi/2nd_year/G-ING-400-LYN-4-1-codewash-6/project/src/utils/achievementUtils.js","statementMap":{"0":{"start":{"line":11,"column":13},"end":{"line":26,"column":null}},"1":{"start":{"line":11,"column":38},"end":{"line":26,"column":null}},"2":{"start":{"line":35,"column":13},"end":{"line":45,"column":null}},"3":{"start":{"line":36,"column":24},"end":{"line":36,"column":null}},"4":{"start":{"line":37,"column":4},"end":{"line":37,"column":null}},"5":{"start":{"line":37,"column":22},"end":{"line":37,"column":null}},"6":{"start":{"line":39,"column":4},"end":{"line":45,"column":null}},"7":{"start":{"line":41,"column":25},"end":{"line":41,"column":63}},"8":{"start":{"line":42,"column":8},"end":{"line":42,"column":null}},"9":{"start":{"line":45,"column":8},"end":{"line":45,"column":null}},"10":{"start":{"line":56,"column":13},"end":{"line":69,"column":null}},"11":{"start":{"line":57,"column":24},"end":{"line":57,"column":null}},"12":{"start":{"line":58,"column":4},"end":{"line":58,"column":null}},"13":{"start":{"line":58,"column":47},"end":{"line":58,"column":null}},"14":{"start":{"line":60,"column":21},"end":{"line":60,"column":59}},"15":{"start":{"line":63,"column":4},"end":{"line":65,"column":null}},"16":{"start":{"line":63,"column":17},"end":{"line":63,"column":47}},"17":{"start":{"line":64,"column":8},"end":{"line":65,"column":null}},"18":{"start":{"line":65,"column":12},"end":{"line":65,"column":null}},"19":{"start":{"line":69,"column":4},"end":{"line":69,"column":null}},"20":{"start":{"line":79,"column":13},"end":{"line":90,"column":null}},"21":{"start":{"line":80,"column":24},"end":{"line":80,"column":null}},"22":{"start":{"line":81,"column":4},"end":{"line":81,"column":null}},"23":{"start":{"line":81,"column":47},"end":{"line":81,"column":null}},"24":{"start":{"line":83,"column":29},"end":{"line":83,"column":73}},"25":{"start":{"line":84,"column":26},"end":{"line":84,"column":null}},"26":{"start":{"line":86,"column":4},"end":{"line":87,"column":null}},"27":{"start":{"line":87,"column":8},"end":{"line":87,"column":null}},"28":{"start":{"line":90,"column":4},"end":{"line":90,"column":null}},"29":{"start":{"line":100,"column":13},"end":{"line":118,"column":null}},"30":{"start":{"line":101,"column":24},"end":{"line":101,"column":null}},"31":{"start":{"line":102,"column":4},"end":{"line":102,"column":null}},"32":{"start":{"line":102,"column":47},"end":{"line":102,"column":null}},"33":{"start":{"line":104,"column":21},"end":{"line":104,"column":59}},"34":{"start":{"line":105,"column":29},"end":{"line":105,"column":73}},"35":{"start":{"line":106,"column":21},"end":{"line":106,"column":62}},"36":{"start":{"line":108,"column":4},"end":{"line":109,"column":null}},"37":{"start":{"line":109,"column":8},"end":{"line":109,"column":null}},"38":{"start":{"line":112,"column":29},"end":{"line":112,"column":null}},"39":{"start":{"line":113,"column":26},"end":{"line":113,"column":null}},"40":{"start":{"line":115,"column":27},"end":{"line":115,"column":null}},"41":{"start":{"line":116,"column":22},"end":{"line":116,"column":null}},"42":{"start":{"line":118,"column":4},"end":{"line":118,"column":null}},"43":{"start":{"line":129,"column":13},"end":{"line":142,"column":null}},"44":{"start":{"line":130,"column":26},"end":{"line":130,"column":28}},"45":{"start":{"line":132,"column":4},"end":{"line":140,"column":null}},"46":{"start":{"line":134,"column":28},"end":{"line":134,"column":85}},"47":{"start":{"line":135,"column":30},"end":{"line":135,"column":87}},"48":{"start":{"line":137,"column":8},"end":{"line":138,"column":null}},"49":{"start":{"line":138,"column":12},"end":{"line":138,"column":null}},"50":{"start":{"line":142,"column":4},"end":{"line":142,"column":null}},"51":{"start":{"line":153,"column":13},"end":{"line":168,"column":null}},"52":{"start":{"line":154,"column":21},"end":{"line":154,"column":23}},"53":{"start":{"line":156,"column":4},"end":{"line":166,"column":null}},"54":{"start":{"line":157,"column":28},"end":{"line":157,"column":null}},"55":{"start":{"line":158,"column":8},"end":{"line":158,"column":null}},"56":{"start":{"line":158,"column":35},"end":{"line":158,"column":null}},"57":{"start":{"line":160,"column":24},"end":{"line":160,"column":74}},"58":{"start":{"line":161,"column":24},"end":{"line":161,"column":74}},"59":{"start":{"line":163,"column":8},"end":{"line":164,"column":null}},"60":{"start":{"line":164,"column":12},"end":{"line":164,"column":null}},"61":{"start":{"line":168,"column":4},"end":{"line":168,"column":null}},"62":{"start":{"line":177,"column":13},"end":{"line":181,"column":null}},"63":{"start":{"line":178,"column":4},"end":{"line":179,"column":null}},"64":{"start":{"line":179,"column":8},"end":{"line":179,"column":null}},"65":{"start":{"line":181,"column":4},"end":{"line":181,"column":null}},"66":{"start":{"line":189,"column":13},"end":{"line":194,"column":null}},"67":{"start":{"line":190,"column":18},"end":{"line":190,"column":null}},"68":{"start":{"line":191,"column":4},"end":{"line":192,"column":null}},"69":{"start":{"line":192,"column":8},"end":{"line":192,"column":null}},"70":{"start":{"line":194,"column":4},"end":{"line":194,"column":null}},"71":{"start":{"line":204,"column":13},"end":{"line":216,"column":null}},"72":{"start":{"line":205,"column":24},"end":{"line":205,"column":null}},"73":{"start":{"line":206,"column":4},"end":{"line":206,"column":null}},"74":{"start":{"line":206,"column":22},"end":{"line":206,"column":null}},"75":{"start":{"line":208,"column":4},"end":{"line":213,"column":null}},"76":{"start":{"line":209,"column":26},"end":{"line":209,"column":70}},"77":{"start":{"line":210,"column":8},"end":{"line":211,"column":null}},"78":{"start":{"line":211,"column":12},"end":{"line":211,"column":null}},"79":{"start":{"line":213,"column":8},"end":{"line":213,"column":null}},"80":{"start":{"line":216,"column":4},"end":{"line":216,"column":null}}},"fnMap":{"0":{"name":"(anonymous_0)","decl":{"start":{"line":11,"column":13},"end":{"line":11,"column":38}},"loc":{"start":{"line":11,"column":38},"end":{"line":26,"column":null}},"line":11},"1":{"name":"(anonymous_1)","decl":{"start":{"line":35,"column":13},"end":{"line":35,"column":38}},"loc":{"start":{"line":35,"column":71},"end":{"line":45,"column":null}},"line":35},"2":{"name":"(anonymous_2)","decl":{"start":{"line":56,"column":13},"end":{"line":56,"column":31}},"loc":{"start":{"line":56,"column":64},"end":{"line":69,"column":null}},"line":56},"3":{"name":"(anonymous_3)","decl":{"start":{"line":79,"column":13},"end":{"line":79,"column":28}},"loc":{"start":{"line":79,"column":61},"end":{"line":90,"column":null}},"line":79},"4":{"name":"(anonymous_4)","decl":{"start":{"line":100,"column":13},"end":{"line":100,"column":32}},"loc":{"start":{"line":100,"column":65},"end":{"line":118,"column":null}},"line":100},"5":{"name":"(anonymous_5)","decl":{"start":{"line":129,"column":13},"end":{"line":129,"column":45}},"loc":{"start":{"line":129,"column":90},"end":{"line":142,"column":null}},"line":129},"6":{"name":"(anonymous_6)","decl":{"start":{"line":132,"column":30},"end":{"line":132,"column":38}},"loc":{"start":{"line":132,"column":55},"end":{"line":140,"column":null}},"line":132},"7":{"name":"(anonymous_7)","decl":{"start":{"line":153,"column":13},"end":{"line":153,"column":39}},"loc":{"start":{"line":153,"column":84},"end":{"line":168,"column":null}},"line":153},"8":{"name":"(anonymous_8)","decl":{"start":{"line":156,"column":30},"end":{"line":156,"column":38}},"loc":{"start":{"line":156,"column":55},"end":{"line":166,"column":null}},"line":156},"9":{"name":"(anonymous_9)","decl":{"start":{"line":177,"column":13},"end":{"line":177,"column":33}},"loc":{"start":{"line":177,"column":48},"end":{"line":181,"column":null}},"line":177},"10":{"name":"(anonymous_10)","decl":{"start":{"line":189,"column":13},"end":{"line":189,"column":32}},"loc":{"start":{"line":189,"column":47},"end":{"line":194,"column":null}},"line":189},"11":{"name":"(anonymous_11)","decl":{"start":{"line":204,"column":13},"end":{"line":204,"column":42}},"loc":{"start":{"line":204,"column":75},"end":{"line":216,"column":null}},"line":204}},"branchMap":{"0":{"loc":{"start":{"line":37,"column":4},"end":{"line":37,"column":null}},"type":"if","locations":[{"start":{"line":37,"column":4},"end":{"line":37,"column":null}},{"start":{},"end":{}}],"line":37},"1":{"loc":{"start":{"line":39,"column":4},"end":{"line":45,"column":null}},"type":"if","locations":[{"start":{"line":39,"column":4},"end":{"line":45,"column":null}},{"start":{"line":43,"column":11},"end":{"line":45,"column":null}}],"line":39},"2":{"loc":{"start":{"line":58,"column":4},"end":{"line":58,"column":null}},"type":"if","locations":[{"start":{"line":58,"column":4},"end":{"line":58,"column":null}},{"start":{},"end":{}}],"line":58},"3":{"loc":{"start":{"line":58,"column":8},"end":{"line":58,"column":47}},"type":"binary-expr","locations":[{"start":{"line":58,"column":8},"end":{"line":58,"column":24}},{"start":{"line":58,"column":24},"end":{"line":58,"column":47}}],"line":58},"4":{"loc":{"start":{"line":64,"column":8},"end":{"line":65,"column":null}},"type":"if","locations":[{"start":{"line":64,"column":8},"end":{"line":65,"column":null}},{"start":{},"end":{}}],"line":64},"5":{"loc":{"start":{"line":81,"column":4},"end":{"line":81,"column":null}},"type":"if","locations":[{"start":{"line":81,"column":4},"end":{"line":81,"column":null}},{"start":{},"end":{}}],"line":81},"6":{"loc":{"start":{"line":81,"column":8},"end":{"line":81,"column":47}},"type":"binary-expr","locations":[{"start":{"line":81,"column":8},"end":{"line":81,"column":24}},{"start":{"line":81,"column":24},"end":{"line":81,"column":47}}],"line":81},"7":{"loc":{"start":{"line":86,"column":4},"end":{"line":87,"column":null}},"type":"if","locations":[{"start":{"line":86,"column":4},"end":{"line":87,"column":null}},{"start":{},"end":{}}],"line":86},"8":{"loc":{"start":{"line":102,"column":4},"end":{"line":102,"column":null}},"type":"if","locations":[{"start":{"line":102,"column":4},"end":{"line":102,"column":null}},{"start":{},"end":{}}],"line":102},"9":{"loc":{"start":{"line":102,"column":8},"end":{"line":102,"column":47}},"type":"binary-expr","locations":[{"start":{"line":102,"column":8},"end":{"line":102,"column":24}},{"start":{"line":102,"column":24},"end":{"line":102,"column":47}}],"line":102},"10":{"loc":{"start":{"line":108,"column":4},"end":{"line":109,"column":null}},"type":"if","locations":[{"start":{"line":108,"column":4},"end":{"line":109,"column":null}},{"start":{},"end":{}}],"line":108},"11":{"loc":{"start":{"line":112,"column":29},"end":{"line":112,"column":null}},"type":"cond-expr","locations":[{"start":{"line":112,"column":53},"end":{"line":112,"column":97}},{"start":{"line":112,"column":97},"end":{"line":112,"column":null}}],"line":112},"12":{"loc":{"start":{"line":137,"column":8},"end":{"line":138,"column":null}},"type":"if","locations":[{"start":{"line":137,"column":8},"end":{"line":138,"column":null}},{"start":{},"end":{}}],"line":137},"13":{"loc":{"start":{"line":137,"column":12},"end":{"line":137,"column":43}},"type":"binary-expr","locations":[{"start":{"line":137,"column":12},"end":{"line":137,"column":28}},{"start":{"line":137,"column":28},"end":{"line":137,"column":43}}],"line":137},"14":{"loc":{"start":{"line":158,"column":8},"end":{"line":158,"column":null}},"type":"if","locations":[{"start":{"line":158,"column":8},"end":{"line":158,"column":null}},{"start":{},"end":{}}],"line":158},"15":{"loc":{"start":{"line":163,"column":8},"end":{"line":164,"column":null}},"type":"if","locations":[{"start":{"line":163,"column":8},"end":{"line":164,"column":null}},{"start":{},"end":{}}],"line":163},"16":{"loc":{"start":{"line":178,"column":4},"end":{"line":179,"column":null}},"type":"if","locations":[{"start":{"line":178,"column":4},"end":{"line":179,"column":null}},{"start":{},"end":{}}],"line":178},"17":{"loc":{"start":{"line":191,"column":4},"end":{"line":192,"column":null}},"type":"if","locations":[{"start":{"line":191,"column":4},"end":{"line":192,"column":null}},{"start":{},"end":{}}],"line":191},"18":{"loc":{"start":{"line":206,"column":4},"end":{"line":206,"column":null}},"type":"if","locations":[{"start":{"line":206,"column":4},"end":{"line":206,"column":null}},{"start":{},"end":{}}],"line":206},"19":{"loc":{"start":{"line":208,"column":4},"end":{"line":213,"column":null}},"type":"if","locations":[{"start":{"line":208,"column":4},"end":{"line":213,"column":null}},{"start":{},"end":{}}],"line":208},"20":{"loc":{"start":{"line":210,"column":8},"end":{"line":211,"column":null}},"type":"if","locations":[{"start":{"line":210,"column":8},"end":{"line":211,"column":null}},{"start":{},"end":{}}],"line":210}},"s":{"0":1,"1":5,"2":1,"3":82,"4":82,"5":1,"6":81,"7":14,"8":14,"9":67,"10":1,"11":12,"12":12,"13":0,"14":12,"15":12,"16":12,"17":92,"18":6,"19":6,"20":1,"21":2,"22":2,"23":0,"24":2,"25":2,"26":2,"27":0,"28":2,"29":1,"30":1,"31":1,"32":0,"33":1,"34":1,"35":1,"36":1,"37":0,"38":1,"39":1,"40":1,"41":1,"42":1,"43":1,"44":2,"45":2,"46":38,"47":38,"48":38,"49":1,"50":2,"51":1,"52":1,"53":1,"54":19,"55":19,"56":16,"57":3,"58":3,"59":3,"60":1,"61":1,"62":1,"63":2,"64":1,"65":1,"66":1,"67":2,"68":2,"69":1,"70":1,"71":1,"72":2,"73":2,"74":0,"75":2,"76":2,"77":2,"78":1,"79":1,"80":0},"f":{"0":5,"1":82,"2":12,"3":2,"4":1,"5":2,"6":38,"7":1,"8":19,"9":2,"10":2,"11":2},"b":{"0":[1,81],"1":[14,67],"2":[0,12],"3":[12,12],"4":[6,86],"5":[0,2],"6":[2,2],"7":[0,2],"8":[0,1],"9":[1,1],"10":[0,1],"11":[1,0],"12":[1,37],"13":[38,38],"14":[16,3],"15":[1,2],"16":[1,1],"17":[1,1],"18":[0,2],"19":[2,0],"20":[1,1]},"meta":{"lastBranch":21,"lastFunction":12,"lastStatement":81,"seen":{"s:11:13:26:Infinity":0,"f:11:13:11:38":0,"s:11:38:26:Infinity":1,"s:35:13:45:Infinity":2,"f:35:13:35:38":1,"s:36:24:36:Infinity":3,"b:37:4:37:Infinity:undefined:undefined:undefined:undefined":0,"s:37:4:37:Infinity":4,"s:37:22:37:Infinity":5,"b:39:4:45:Infinity:43:11:45:Infinity":1,"s:39:4:45:Infinity":6,"s:41:25:41:63":7,"s:42:8:42:Infinity":8,"s:45:8:45:Infinity":9,"s:56:13:69:Infinity":10,"f:56:13:56:31":2,"s:57:24:57:Infinity":11,"b:58:4:58:Infinity:undefined:undefined:undefined:undefined":2,"s:58:4:58:Infinity":12,"b:58:8:58:24:58:24:58:47":3,"s:58:47:58:Infinity":13,"s:60:21:60:59":14,"s:63:4:65:Infinity":15,"s:63:17:63:47":16,"b:64:8:65:Infinity:undefined:undefined:undefined:undefined":4,"s:64:8:65:Infinity":17,"s:65:12:65:Infinity":18,"s:69:4:69:Infinity":19,"s:79:13:90:Infinity":20,"f:79:13:79:28":3,"s:80:24:80:Infinity":21,"b:81:4:81:Infinity:undefined:undefined:undefined:undefined":5,"s:81:4:81:Infinity":22,"b:81:8:81:24:81:24:81:47":6,"s:81:47:81:Infinity":23,"s:83:29:83:73":24,"s:84:26:84:Infinity":25,"b:86:4:87:Infinity:undefined:undefined:undefined:undefined":7,"s:86:4:87:Infinity":26,"s:87:8:87:Infinity":27,"s:90:4:90:Infinity":28,"s:100:13:118:Infinity":29,"f:100:13:100:32":4,"s:101:24:101:Infinity":30,"b:102:4:102:Infinity:undefined:undefined:undefined:undefined":8,"s:102:4:102:Infinity":31,"b:102:8:102:24:102:24:102:47":9,"s:102:47:102:Infinity":32,"s:104:21:104:59":33,"s:105:29:105:73":34,"s:106:21:106:62":35,"b:108:4:109:Infinity:undefined:undefined:undefined:undefined":10,"s:108:4:109:Infinity":36,"s:109:8:109:Infinity":37,"s:112:29:112:Infinity":38,"b:112:53:112:97:112:97:112:Infinity":11,"s:113:26:113:Infinity":39,"s:115:27:115:Infinity":40,"s:116:22:116:Infinity":41,"s:118:4:118:Infinity":42,"s:129:13:142:Infinity":43,"f:129:13:129:45":5,"s:130:26:130:28":44,"s:132:4:140:Infinity":45,"f:132:30:132:38":6,"s:134:28:134:85":46,"s:135:30:135:87":47,"b:137:8:138:Infinity:undefined:undefined:undefined:undefined":12,"s:137:8:138:Infinity":48,"b:137:12:137:28:137:28:137:43":13,"s:138:12:138:Infinity":49,"s:142:4:142:Infinity":50,"s:153:13:168:Infinity":51,"f:153:13:153:39":7,"s:154:21:154:23":52,"s:156:4:166:Infinity":53,"f:156:30:156:38":8,"s:157:28:157:Infinity":54,"b:158:8:158:Infinity:undefined:undefined:undefined:undefined":14,"s:158:8:158:Infinity":55,"s:158:35:158:Infinity":56,"s:160:24:160:74":57,"s:161:24:161:74":58,"b:163:8:164:Infinity:undefined:undefined:undefined:undefined":15,"s:163:8:164:Infinity":59,"s:164:12:164:Infinity":60,"s:168:4:168:Infinity":61,"s:177:13:181:Infinity":62,"f:177:13:177:33":9,"b:178:4:179:Infinity:undefined:undefined:undefined:undefined":16,"s:178:4:179:Infinity":63,"s:179:8:179:Infinity":64,"s:181:4:181:Infinity":65,"s:189:13:194:Infinity":66,"f:189:13:189:32":10,"s:190:18:190:Infinity":67,"b:191:4:192:Infinity:undefined:undefined:undefined:undefined":17,"s:191:4:192:Infinity":68,"s:192:8:192:Infinity":69,"s:194:4:194:Infinity":70,"s:204:13:216:Infinity":71,"f:204:13:204:42":11,"s:205:24:205:Infinity":72,"b:206:4:206:Infinity:undefined:undefined:undefined:undefined":18,"s:206:4:206:Infinity":73,"s:206:22:206:Infinity":74,"b:208:4:213:Infinity:undefined:undefined:undefined:undefined":19,"s:208:4:213:Infinity":75,"s:209:26:209:70":76,"b:210:8:211:Infinity:undefined:undefined:undefined:undefined":20,"s:210:8:211:Infinity":77,"s:211:12:211:Infinity":78,"s:213:8:213:Infinity":79,"s:216:4:216:Infinity":80}}}
,"/Users/omarjoudi/2nd_year/G-ING-400-LYN-4-1-codewash-6/project/src/utils/gameUtils.js": {"path":"/Users/omarjoudi/2nd_year/G-ING-400-LYN-4-1-codewash-6/project/src/utils/gameUtils.js","statementMap":{"0":{"start":{"line":3,"column":13},"end":{"line":5,"column":null}},"1":{"start":{"line":4,"column":17},"end":{"line":4,"column":69}},"2":{"start":{"line":4,"column":55},"end":{"line":4,"column":69}},"3":{"start":{"line":5,"column":4},"end":{"line":5,"column":null}},"4":{"start":{"line":9,"column":13},"end":{"line":11,"column":null}},"5":{"start":{"line":10,"column":28},"end":{"line":10,"column":54}},"6":{"start":{"line":11,"column":4},"end":{"line":11,"column":null}},"7":{"start":{"line":14,"column":13},"end":{"line":16,"column":null}},"8":{"start":{"line":15,"column":25},"end":{"line":15,"column":51}},"9":{"start":{"line":16,"column":4},"end":{"line":16,"column":null}},"10":{"start":{"line":19,"column":13},"end":{"line":21,"column":null}},"11":{"start":{"line":20,"column":21},"end":{"line":20,"column":43}},"12":{"start":{"line":21,"column":4},"end":{"line":21,"column":null}},"13":{"start":{"line":26,"column":13},"end":{"line":30,"column":null}},"14":{"start":{"line":27,"column":10},"end":{"line":27,"column":null}},"15":{"start":{"line":28,"column":4},"end":{"line":28,"column":null}},"16":{"start":{"line":28,"column":29},"end":{"line":28,"column":null}},"17":{"start":{"line":29,"column":4},"end":{"line":29,"column":null}},"18":{"start":{"line":29,"column":29},"end":{"line":29,"column":null}},"19":{"start":{"line":30,"column":4},"end":{"line":30,"column":null}},"20":{"start":{"line":33,"column":13},"end":{"line":76,"column":null}},"21":{"start":{"line":35,"column":4},"end":{"line":39,"column":null}},"22":{"start":{"line":36,"column":12},"end":{"line":36,"column":null}},"23":{"start":{"line":36,"column":44},"end":{"line":36,"column":null}},"24":{"start":{"line":37,"column":12},"end":{"line":37,"column":null}},"25":{"start":{"line":37,"column":43},"end":{"line":37,"column":null}},"26":{"start":{"line":38,"column":35},"end":{"line":38,"column":101}},"27":{"start":{"line":38,"column":73},"end":{"line":38,"column":100}},"28":{"start":{"line":39,"column":12},"end":{"line":39,"column":null}},"29":{"start":{"line":42,"column":4},"end":{"line":43,"column":null}},"30":{"start":{"line":43,"column":8},"end":{"line":43,"column":null}},"31":{"start":{"line":47,"column":26},"end":{"line":47,"column":59}},"32":{"start":{"line":49,"column":4},"end":{"line":51,"column":null}},"33":{"start":{"line":51,"column":8},"end":{"line":51,"column":null}},"34":{"start":{"line":54,"column":4},"end":{"line":56,"column":null}},"35":{"start":{"line":56,"column":8},"end":{"line":56,"column":null}},"36":{"start":{"line":61,"column":28},"end":{"line":66,"column":null}},"37":{"start":{"line":68,"column":4},"end":{"line":69,"column":null}},"38":{"start":{"line":69,"column":8},"end":{"line":69,"column":null}},"39":{"start":{"line":74,"column":27},"end":{"line":74,"column":52}},"40":{"start":{"line":75,"column":30},"end":{"line":75,"column":99}},"41":{"start":{"line":76,"column":4},"end":{"line":76,"column":null}},"42":{"start":{"line":82,"column":29},"end":{"line":82,"column":null}},"43":{"start":{"line":83,"column":34},"end":{"line":83,"column":null}},"44":{"start":{"line":86,"column":20},"end":{"line":86,"column":null}},"45":{"start":{"line":87,"column":24},"end":{"line":87,"column":null}},"46":{"start":{"line":88,"column":23},"end":{"line":88,"column":null}},"47":{"start":{"line":89,"column":25},"end":{"line":89,"column":null}},"48":{"start":{"line":93,"column":13},"end":{"line":94,"column":null}},"49":{"start":{"line":94,"column":4},"end":{"line":94,"column":null}},"50":{"start":{"line":99,"column":13},"end":{"line":101,"column":null}},"51":{"start":{"line":100,"column":23},"end":{"line":100,"column":58}},"52":{"start":{"line":101,"column":4},"end":{"line":101,"column":null}},"53":{"start":{"line":105,"column":13},"end":{"line":107,"column":null}},"54":{"start":{"line":106,"column":23},"end":{"line":106,"column":58}},"55":{"start":{"line":107,"column":4},"end":{"line":107,"column":null}},"56":{"start":{"line":112,"column":13},"end":{"line":113,"column":null}},"57":{"start":{"line":113,"column":4},"end":{"line":113,"column":null}},"58":{"start":{"line":118,"column":13},"end":{"line":144,"column":null}},"59":{"start":{"line":120,"column":4},"end":{"line":122,"column":null}},"60":{"start":{"line":121,"column":37},"end":{"line":121,"column":null}},"61":{"start":{"line":122,"column":8},"end":{"line":122,"column":null}},"62":{"start":{"line":125,"column":31},"end":{"line":125,"column":65}},"63":{"start":{"line":128,"column":25},"end":{"line":128,"column":89}},"64":{"start":{"line":131,"column":33},"end":{"line":131,"column":68}},"65":{"start":{"line":132,"column":23},"end":{"line":132,"column":70}},"66":{"start":{"line":135,"column":4},"end":{"line":136,"column":null}},"67":{"start":{"line":136,"column":8},"end":{"line":136,"column":null}},"68":{"start":{"line":141,"column":26},"end":{"line":141,"column":null}},"69":{"start":{"line":142,"column":26},"end":{"line":142,"column":76}},"70":{"start":{"line":144,"column":4},"end":{"line":144,"column":null}},"71":{"start":{"line":149,"column":13},"end":{"line":165,"column":null}},"72":{"start":{"line":151,"column":4},"end":{"line":153,"column":null}},"73":{"start":{"line":152,"column":27},"end":{"line":152,"column":62}},"74":{"start":{"line":153,"column":8},"end":{"line":153,"column":null}},"75":{"start":{"line":156,"column":31},"end":{"line":156,"column":65}},"76":{"start":{"line":159,"column":27},"end":{"line":159,"column":93}},"77":{"start":{"line":163,"column":41},"end":{"line":163,"column":84}},"78":{"start":{"line":165,"column":4},"end":{"line":165,"column":null}},"79":{"start":{"line":171,"column":13},"end":{"line":178,"column":null}},"80":{"start":{"line":172,"column":4},"end":{"line":173,"column":null}},"81":{"start":{"line":173,"column":8},"end":{"line":173,"column":null}},"82":{"start":{"line":175,"column":19},"end":{"line":175,"column":null}},"83":{"start":{"line":176,"column":23},"end":{"line":176,"column":null}},"84":{"start":{"line":177,"column":18},"end":{"line":177,"column":null}},"85":{"start":{"line":178,"column":4},"end":{"line":178,"column":null}},"86":{"start":{"line":184,"column":13},"end":{"line":286,"column":null}},"87":{"start":{"line":185,"column":19},"end":{"line":185,"column":null}},"88":{"start":{"line":188,"column":4},"end":{"line":217,"column":null}},"89":{"start":{"line":189,"column":34},"end":{"line":215,"column":null}},"90":{"start":{"line":216,"column":24},"end":{"line":216,"column":null}},"91":{"start":{"line":217,"column":8},"end":{"line":217,"column":null}},"92":{"start":{"line":221,"column":4},"end":{"line":237,"column":null}},"93":{"start":{"line":222,"column":31},"end":{"line":235,"column":null}},"94":{"start":{"line":236,"column":24},"end":{"line":236,"column":null}},"95":{"start":{"line":237,"column":8},"end":{"line":237,"column":null}},"96":{"start":{"line":241,"column":23},"end":{"line":241,"column":49}},"97":{"start":{"line":242,"column":29},"end":{"line":242,"column":51}},"98":{"start":{"line":243,"column":22},"end":{"line":243,"column":null}},"99":{"start":{"line":247,"column":4},"end":{"line":283,"column":null}},"100":{"start":{"line":249,"column":12},"end":{"line":249,"column":null}},"101":{"start":{"line":250,"column":12},"end":{"line":250,"column":null}},"102":{"start":{"line":251,"column":12},"end":{"line":251,"column":null}},"103":{"start":{"line":252,"column":12},"end":{"line":252,"column":null}},"104":{"start":{"line":253,"column":12},"end":{"line":253,"column":null}},"105":{"start":{"line":256,"column":12},"end":{"line":256,"column":null}},"106":{"start":{"line":257,"column":12},"end":{"line":257,"column":null}},"107":{"start":{"line":258,"column":12},"end":{"line":258,"column":null}},"108":{"start":{"line":259,"column":12},"end":{"line":259,"column":null}},"109":{"start":{"line":260,"column":12},"end":{"line":260,"column":null}},"110":{"start":{"line":262,"column":39},"end":{"line":262,"column":70}},"111":{"start":{"line":263,"column":12},"end":{"line":263,"column":null}},"112":{"start":{"line":264,"column":12},"end":{"line":264,"column":null}},"113":{"start":{"line":265,"column":12},"end":{"line":265,"column":null}},"114":{"start":{"line":266,"column":12},"end":{"line":266,"column":null}},"115":{"start":{"line":267,"column":12},"end":{"line":267,"column":null}},"116":{"start":{"line":271,"column":37},"end":{"line":271,"column":68}},"117":{"start":{"line":272,"column":12},"end":{"line":272,"column":null}},"118":{"start":{"line":273,"column":29},"end":{"line":273,"column":null}},"119":{"start":{"line":274,"column":12},"end":{"line":274,"column":null}},"120":{"start":{"line":275,"column":12},"end":{"line":275,"column":null}},"121":{"start":{"line":276,"column":12},"end":{"line":276,"column":null}},"122":{"start":{"line":277,"column":12},"end":{"line":277,"column":null}},"123":{"start":{"line":280,"column":12},"end":{"line":280,"column":null}},"124":{"start":{"line":281,"column":12},"end":{"line":281,"column":null}},"125":{"start":{"line":282,"column":12},"end":{"line":282,"column":null}},"126":{"start":{"line":283,"column":12},"end":{"line":283,"column":null}},"127":{"start":{"line":286,"column":4},"end":{"line":286,"column":null}},"128":{"start":{"line":293,"column":13},"end":{"line":315,"column":null}},"129":{"start":{"line":295,"column":23},"end":{"line":295,"column":46}},"130":{"start":{"line":296,"column":17},"end":{"line":296,"column":null}},"131":{"start":{"line":298,"column":4},"end":{"line":306,"column":null}},"132":{"start":{"line":300,"column":29},"end":{"line":300,"column":null}},"133":{"start":{"line":301,"column":21},"end":{"line":301,"column":null}},"134":{"start":{"line":302,"column":8},"end":{"line":306,"column":null}},"135":{"start":{"line":310,"column":17},"end":{"line":310,"column":null}},"136":{"start":{"line":311,"column":4},"end":{"line":315,"column":null}},"137":{"start":{"line":321,"column":13},"end":{"line":363,"column":null}},"138":{"start":{"line":323,"column":26},"end":{"line":323,"column":89}},"139":{"start":{"line":323,"column":60},"end":{"line":323,"column":89}},"140":{"start":{"line":324,"column":4},"end":{"line":330,"column":null}},"141":{"start":{"line":325,"column":21},"end":{"line":325,"column":null}},"142":{"start":{"line":326,"column":8},"end":{"line":330,"column":null}},"143":{"start":{"line":335,"column":4},"end":{"line":348,"column":null}},"144":{"start":{"line":335,"column":17},"end":{"line":335,"column":20}},"145":{"start":{"line":336,"column":8},"end":{"line":348,"column":null}},"146":{"start":{"line":336,"column":21},"end":{"line":336,"column":24}},"147":{"start":{"line":337,"column":12},"end":{"line":348,"column":null}},"148":{"start":{"line":338,"column":30},"end":{"line":338,"column":null}},"149":{"start":{"line":339,"column":30},"end":{"line":339,"column":null}},"150":{"start":{"line":340,"column":16},"end":{"line":348,"column":null}},"151":{"start":{"line":341,"column":20},"end":{"line":348,"column":null}},"152":{"start":{"line":355,"column":27},"end":{"line":356,"column":null}},"153":{"start":{"line":356,"column":8},"end":{"line":356,"column":77}},"154":{"start":{"line":358,"column":25},"end":{"line":358,"column":null}},"155":{"start":{"line":359,"column":4},"end":{"line":363,"column":null}}},"fnMap":{"0":{"name":"(anonymous_0)","decl":{"start":{"line":3,"column":13},"end":{"line":3,"column":29}},"loc":{"start":{"line":3,"column":41},"end":{"line":5,"column":null}},"line":3},"1":{"name":"(anonymous_1)","decl":{"start":{"line":4,"column":43},"end":{"line":4,"column":50}},"loc":{"start":{"line":4,"column":55},"end":{"line":4,"column":69}},"line":4},"2":{"name":"(anonymous_2)","decl":{"start":{"line":9,"column":13},"end":{"line":9,"column":42}},"loc":{"start":{"line":9,"column":42},"end":{"line":11,"column":null}},"line":9},"3":{"name":"(anonymous_3)","decl":{"start":{"line":14,"column":13},"end":{"line":14,"column":39}},"loc":{"start":{"line":14,"column":39},"end":{"line":16,"column":null}},"line":14},"4":{"name":"(anonymous_4)","decl":{"start":{"line":19,"column":13},"end":{"line":19,"column":35}},"loc":{"start":{"line":19,"column":35},"end":{"line":21,"column":null}},"line":19},"5":{"name":"(anonymous_5)","decl":{"start":{"line":26,"column":13},"end":{"line":26,"column":33}},"loc":{"start":{"line":26,"column":43},"end":{"line":30,"column":null}},"line":26},"6":{"name":"(anonymous_6)","decl":{"start":{"line":33,"column":13},"end":{"line":33,"column":31}},"loc":{"start":{"line":33,"column":58},"end":{"line":76,"column":null}},"line":33},"7":{"name":"(anonymous_7)","decl":{"start":{"line":38,"column":61},"end":{"line":38,"column":68}},"loc":{"start":{"line":38,"column":73},"end":{"line":38,"column":100}},"line":38},"8":{"name":"(anonymous_8)","decl":{"start":{"line":93,"column":13},"end":{"line":93,"column":40}},"loc":{"start":{"line":93,"column":55},"end":{"line":94,"column":null}},"line":93},"9":{"name":"(anonymous_9)","decl":{"start":{"line":99,"column":13},"end":{"line":99,"column":32}},"loc":{"start":{"line":99,"column":60},"end":{"line":101,"column":null}},"line":99},"10":{"name":"(anonymous_10)","decl":{"start":{"line":105,"column":13},"end":{"line":105,"column":35}},"loc":{"start":{"line":105,"column":50},"end":{"line":107,"column":null}},"line":105},"11":{"name":"(anonymous_11)","decl":{"start":{"line":112,"column":13},"end":{"line":112,"column":38}},"loc":{"start":{"line":112,"column":54},"end":{"line":113,"column":null}},"line":112},"12":{"name":"(anonymous_12)","decl":{"start":{"line":118,"column":13},"end":{"line":118,"column":34}},"loc":{"start":{"line":118,"column":62},"end":{"line":144,"column":null}},"line":118},"13":{"name":"(anonymous_13)","decl":{"start":{"line":149,"column":13},"end":{"line":149,"column":35}},"loc":{"start":{"line":149,"column":63},"end":{"line":165,"column":null}},"line":149},"14":{"name":"(anonymous_14)","decl":{"start":{"line":171,"column":13},"end":{"line":171,"column":31}},"loc":{"start":{"line":171,"column":46},"end":{"line":178,"column":null}},"line":171},"15":{"name":"(anonymous_15)","decl":{"start":{"line":184,"column":13},"end":{"line":184,"column":36}},"loc":{"start":{"line":184,"column":51},"end":{"line":286,"column":null}},"line":184},"16":{"name":"(anonymous_16)","decl":{"start":{"line":293,"column":13},"end":{"line":293,"column":37}},"loc":{"start":{"line":293,"column":52},"end":{"line":315,"column":null}},"line":293},"17":{"name":"(anonymous_17)","decl":{"start":{"line":321,"column":13},"end":{"line":321,"column":34}},"loc":{"start":{"line":321,"column":51},"end":{"line":363,"column":null}},"line":321},"18":{"name":"(anonymous_18)","decl":{"start":{"line":323,"column":45},"end":{"line":323,"column":52}},"loc":{"start":{"line":323,"column":60},"end":{"line":323,"column":89}},"line":323},"19":{"name":"(anonymous_19)","decl":{"start":{"line":355,"column":51},"end":{"line":355,"column":57}},"loc":{"start":{"line":356,"column":8},"end":{"line":356,"column":77}},"line":356}},"branchMap":{"0":{"loc":{"start":{"line":5,"column":11},"end":{"line":5,"column":null}},"type":"cond-expr","locations":[{"start":{"line":5,"column":29},"end":{"line":5,"column":77}},{"start":{"line":5,"column":77},"end":{"line":5,"column":null}}],"line":5},"1":{"loc":{"start":{"line":11,"column":11},"end":{"line":11,"column":null}},"type":"cond-expr","locations":[{"start":{"line":11,"column":40},"end":{"line":11,"column":110}},{"start":{"line":11,"column":110},"end":{"line":11,"column":null}}],"line":11},"2":{"loc":{"start":{"line":16,"column":11},"end":{"line":16,"column":null}},"type":"cond-expr","locations":[{"start":{"line":16,"column":37},"end":{"line":16,"column":101}},{"start":{"line":16,"column":101},"end":{"line":16,"column":null}}],"line":16},"3":{"loc":{"start":{"line":21,"column":11},"end":{"line":21,"column":null}},"type":"cond-expr","locations":[{"start":{"line":21,"column":33},"end":{"line":21,"column":89}},{"start":{"line":21,"column":89},"end":{"line":21,"column":null}}],"line":21},"4":{"loc":{"start":{"line":28,"column":4},"end":{"line":28,"column":null}},"type":"if","locations":[{"start":{"line":28,"column":4},"end":{"line":28,"column":null}},{"start":{},"end":{}}],"line":28},"5":{"loc":{"start":{"line":29,"column":4},"end":{"line":29,"column":null}},"type":"if","locations":[{"start":{"line":29,"column":4},"end":{"line":29,"column":null}},{"start":{},"end":{}}],"line":29},"6":{"loc":{"start":{"line":35,"column":4},"end":{"line":39,"column":null}},"type":"if","locations":[{"start":{"line":35,"column":4},"end":{"line":39,"column":null}},{"start":{},"end":{}}],"line":35},"7":{"loc":{"start":{"line":36,"column":12},"end":{"line":36,"column":null}},"type":"if","locations":[{"start":{"line":36,"column":12},"end":{"line":36,"column":null}},{"start":{},"end":{}}],"line":36},"8":{"loc":{"start":{"line":37,"column":12},"end":{"line":37,"column":null}},"type":"if","locations":[{"start":{"line":37,"column":12},"end":{"line":37,"column":null}},{"start":{},"end":{}}],"line":37},"9":{"loc":{"start":{"line":42,"column":4},"end":{"line":43,"column":null}},"type":"if","locations":[{"start":{"line":42,"column":4},"end":{"line":43,"column":null}},{"start":{},"end":{}}],"line":42},"10":{"loc":{"start":{"line":43,"column":15},"end":{"line":43,"column":60}},"type":"binary-expr","locations":[{"start":{"line":43,"column":15},"end":{"line":43,"column":38}},{"start":{"line":43,"column":38},"end":{"line":43,"column":60}}],"line":43},"11":{"loc":{"start":{"line":49,"column":4},"end":{"line":51,"column":null}},"type":"if","locations":[{"start":{"line":49,"column":4},"end":{"line":51,"column":null}},{"start":{},"end":{}}],"line":49},"12":{"loc":{"start":{"line":51,"column":15},"end":{"line":51,"column":55}},"type":"binary-expr","locations":[{"start":{"line":51,"column":15},"end":{"line":51,"column":40}},{"start":{"line":51,"column":40},"end":{"line":51,"column":55}}],"line":51},"13":{"loc":{"start":{"line":54,"column":4},"end":{"line":56,"column":null}},"type":"if","locations":[{"start":{"line":54,"column":4},"end":{"line":56,"column":null}},{"start":{},"end":{}}],"line":54},"14":{"loc":{"start":{"line":56,"column":15},"end":{"line":56,"column":63}},"type":"binary-expr","locations":[{"start":{"line":56,"column":15},"end":{"line":56,"column":44}},{"start":{"line":56,"column":44},"end":{"line":56,"column":63}}],"line":56},"15":{"loc":{"start":{"line":68,"column":4},"end":{"line":69,"column":null}},"type":"if","locations":[{"start":{"line":68,"column":4},"end":{"line":69,"column":null}},{"start":{},"end":{}}],"line":68},"16":{"loc":{"start":{"line":69,"column":15},"end":{"line":69,"column":68}},"type":"binary-expr","locations":[{"start":{"line":69,"column":15},"end":{"line":69,"column":50}},{"start":{"line":69,"column":50},"end":{"line":69,"column":68}}],"line":69},"17":{"loc":{"start":{"line":75,"column":30},"end":{"line":75,"column":99}},"type":"binary-expr","locations":[{"start":{"line":75,"column":30},"end":{"line":75,"column":54}},{"start":{"line":75,"column":54},"end":{"line":75,"column":99}}],"line":75},"18":{"loc":{"start":{"line":76,"column":11},"end":{"line":76,"column":null}},"type":"cond-expr","locations":[{"start":{"line":76,"column":31},"end":{"line":76,"column":55}},{"start":{"line":76,"column":55},"end":{"line":76,"column":null}}],"line":76},"19":{"loc":{"start":{"line":76,"column":55},"end":{"line":76,"column":null}},"type":"cond-expr","locations":[{"start":{"line":76,"column":83},"end":{"line":76,"column":151}},{"start":{"line":76,"column":151},"end":{"line":76,"column":null}}],"line":76},"20":{"loc":{"start":{"line":120,"column":4},"end":{"line":122,"column":null}},"type":"if","locations":[{"start":{"line":120,"column":4},"end":{"line":122,"column":null}},{"start":{},"end":{}}],"line":120},"21":{"loc":{"start":{"line":135,"column":4},"end":{"line":136,"column":null}},"type":"if","locations":[{"start":{"line":135,"column":4},"end":{"line":136,"column":null}},{"start":{},"end":{}}],"line":135},"22":{"loc":{"start":{"line":151,"column":4},"end":{"line":153,"column":null}},"type":"if","locations":[{"start":{"line":151,"column":4},"end":{"line":153,"column":null}},{"start":{},"end":{}}],"line":151},"23":{"loc":{"start":{"line":172,"column":4},"end":{"line":173,"column":null}},"type":"if","locations":[{"start":{"line":172,"column":4},"end":{"line":173,"column":null}},{"start":{},"end":{}}],"line":172},"24":{"loc":{"start":{"line":175,"column":19},"end":{"line":175,"column":null}},"type":"binary-expr","locations":[{"start":{"line":175,"column":19},"end":{"line":175,"column":61}},{"start":{"line":175,"column":61},"end":{"line":175,"column":null}}],"line":175},"25":{"loc":{"start":{"line":176,"column":23},"end":{"line":176,"column":null}},"type":"binary-expr","locations":[{"start":{"line":176,"column":23},"end":{"line":176,"column":44}},{"start":{"line":176,"column":44},"end":{"line":176,"column":null}}],"line":176},"26":{"loc":{"start":{"line":177,"column":18},"end":{"line":177,"column":null}},"type":"binary-expr","locations":[{"start":{"line":177,"column":18},"end":{"line":177,"column":47}},{"start":{"line":177,"column":47},"end":{"line":177,"column":null}}],"line":177},"27":{"loc":{"start":{"line":185,"column":19},"end":{"line":185,"column":null}},"type":"binary-expr","locations":[{"start":{"line":185,"column":19},"end":{"line":185,"column":58}},{"start":{"line":185,"column":58},"end":{"line":185,"column":null}}],"line":185},"28":{"loc":{"start":{"line":188,"column":4},"end":{"line":217,"column":null}},"type":"if","locations":[{"start":{"line":188,"column":4},"end":{"line":217,"column":null}},{"start":{},"end":{}}],"line":188},"29":{"loc":{"start":{"line":221,"column":4},"end":{"line":237,"column":null}},"type":"if","locations":[{"start":{"line":221,"column":4},"end":{"line":237,"column":null}},{"start":{},"end":{}}],"line":221},"30":{"loc":{"start":{"line":241,"column":23},"end":{"line":241,"column":49}},"type":"binary-expr","locations":[{"start":{"line":241,"column":23},"end":{"line":241,"column":44}},{"start":{"line":241,"column":44},"end":{"line":241,"column":49}}],"line":241},"31":{"loc":{"start":{"line":242,"column":29},"end":{"line":242,"column":51}},"type":"binary-expr","locations":[{"start":{"line":242,"column":29},"end":{"line":242,"column":45}},{"start":{"line":242,"column":45},"end":{"line":242,"column":51}}],"line":242},"32":{"loc":{"start":{"line":247,"column":4},"end":{"line":283,"column":null}},"type":"switch","locations":[{"start":{"line":248,"column":8},"end":{"line":253,"column":null}},{"start":{"line":254,"column":8},"end":{"line":260,"column":null}},{"start":{"line":261,"column":8},"end":{"line":267,"column":null}},{"start":{"line":269,"column":8},"end":{"line":277,"column":null}},{"start":{"line":279,"column":8},"end":{"line":283,"column":null}}],"line":247},"33":{"loc":{"start":{"line":262,"column":39},"end":{"line":262,"column":70}},"type":"binary-expr","locations":[{"start":{"line":262,"column":39},"end":{"line":262,"column":63}},{"start":{"line":262,"column":63},"end":{"line":262,"column":70}}],"line":262},"34":{"loc":{"start":{"line":271,"column":37},"end":{"line":271,"column":68}},"type":"binary-expr","locations":[{"start":{"line":271,"column":37},"end":{"line":271,"column":61}},{"start":{"line":271,"column":61},"end":{"line":271,"column":68}}],"line":271},"35":{"loc":{"start":{"line":298,"column":4},"end":{"line":306,"column":null}},"type":"if","locations":[{"start":{"line":298,"column":4},"end":{"line":306,"column":null}},{"start":{},"end":{}}],"line":298},"36":{"loc":{"start":{"line":298,"column":8},"end":{"line":298,"column":36}},"type":"binary-expr","locations":[{"start":{"line":298,"column":8},"end":{"line":298,"column":17}},{"start":{"line":298,"column":17},"end":{"line":298,"column":36}}],"line":298},"37":{"loc":{"start":{"line":324,"column":4},"end":{"line":330,"column":null}},"type":"if","locations":[{"start":{"line":324,"column":4},"end":{"line":330,"column":null}},{"start":{},"end":{}}],"line":324},"38":{"loc":{"start":{"line":337,"column":12},"end":{"line":348,"column":null}},"type":"if","locations":[{"start":{"line":337,"column":12},"end":{"line":348,"column":null}},{"start":{},"end":{}}],"line":337},"39":{"loc":{"start":{"line":340,"column":16},"end":{"line":348,"column":null}},"type":"if","locations":[{"start":{"line":340,"column":16},"end":{"line":348,"column":null}},{"start":{},"end":{}}],"line":340},"40":{"loc":{"start":{"line":345,"column":28},"end":{"line":345,"column":null}},"type":"binary-expr","locations":[{"start":{"line":345,"column":28},"end":{"line":345,"column":61}},{"start":{"line":345,"column":61},"end":{"line":345,"column":null}}],"line":345},"41":{"loc":{"start":{"line":346,"column":28},"end":{"line":346,"column":null}},"type":"binary-expr","locations":[{"start":{"line":346,"column":28},"end":{"line":346,"column":61}},{"start":{"line":346,"column":61},"end":{"line":346,"column":null}}],"line":346}},"s":{"0":1,"1":1,"2":20,"3":1,"4":1,"5":0,"6":0,"7":1,"8":0,"9":0,"10":1,"11":0,"12":0,"13":1,"14":7,"15":7,"16":3,"17":4,"18":4,"19":2,"20":1,"21":6,"22":3,"23":1,"24":2,"25":2,"26":0,"27":0,"28":0,"29":3,"30":1,"31":2,"32":2,"33":1,"34":1,"35":0,"36":1,"37":1,"38":1,"39":0,"40":0,"41":6,"42":1,"43":1,"44":1,"45":1,"46":1,"47":1,"48":1,"49":12,"50":1,"51":2,"52":2,"53":1,"54":2,"55":2,"56":1,"57":6,"58":1,"59":2,"60":1,"61":1,"62":1,"63":1,"64":1,"65":1,"66":1,"67":1,"68":0,"69":0,"70":0,"71":1,"72":3,"73":2,"74":2,"75":1,"76":1,"77":1,"78":1,"79":1,"80":1,"81":1,"82":0,"83":1,"84":1,"85":1,"86":1,"87":1,"88":1,"89":1,"90":1,"91":1,"92":0,"93":0,"94":0,"95":0,"96":0,"97":1,"98":1,"99":1,"100":0,"101":0,"102":0,"103":0,"104":0,"105":0,"106":0,"107":0,"108":0,"109":0,"110":0,"111":0,"112":0,"113":0,"114":0,"115":0,"116":0,"117":0,"118":0,"119":0,"120":0,"121":0,"122":0,"123":0,"124":0,"125":0,"126":0,"127":0,"128":1,"129":1,"130":1,"131":1,"132":0,"133":0,"134":0,"135":1,"136":1,"137":1,"138":1,"139":76,"140":1,"141":1,"142":1,"143":0,"144":0,"145":0,"146":0,"147":0,"148":0,"149":0,"150":0,"151":0,"152":0,"153":0,"154":0,"155":0},"f":{"0":1,"1":20,"2":0,"3":0,"4":0,"5":7,"6":6,"7":0,"8":12,"9":2,"10":2,"11":6,"12":2,"13":3,"14":1,"15":1,"16":1,"17":1,"18":76,"19":0},"b":{"0":[1,0],"1":[0,0],"2":[0,0],"3":[0,0],"4":[3,4],"5":[2,2],"6":[3,3],"7":[1,2],"8":[2,0],"9":[1,2],"10":[1,0],"11":[1,1],"12":[1,0],"13":[0,1],"14":[0,0],"15":[1,0],"16":[1,0],"17":[0,0],"18":[0,0],"19":[0,0],"20":[1,1],"21":[1,0],"22":[2,1],"23":[1,0],"24":[0,0],"25":[1,0],"26":[1,0],"27":[1,0],"28":[1,0],"29":[0,0],"30":[0,0],"31":[1,0],"32":[0,0,0,0,0],"33":[0,0],"34":[0,0],"35":[0,1],"36":[1,1],"37":[1,0],"38":[0,0],"39":[0,0],"40":[0,0],"41":[0,0]},"meta":{"lastBranch":42,"lastFunction":20,"lastStatement":156,"seen":{"s:3:13:5:Infinity":0,"f:3:13:3:29":0,"s:4:17:4:69":1,"f:4:43:4:50":1,"s:4:55:4:69":2,"s:5:4:5:Infinity":3,"b:5:29:5:77:5:77:5:Infinity":0,"s:9:13:11:Infinity":4,"f:9:13:9:42":2,"s:10:28:10:54":5,"s:11:4:11:Infinity":6,"b:11:40:11:110:11:110:11:Infinity":1,"s:14:13:16:Infinity":7,"f:14:13:14:39":3,"s:15:25:15:51":8,"s:16:4:16:Infinity":9,"b:16:37:16:101:16:101:16:Infinity":2,"s:19:13:21:Infinity":10,"f:19:13:19:35":4,"s:20:21:20:43":11,"s:21:4:21:Infinity":12,"b:21:33:21:89:21:89:21:Infinity":3,"s:26:13:30:Infinity":13,"f:26:13:26:33":5,"s:27:10:27:Infinity":14,"b:28:4:28:Infinity:undefined:undefined:undefined:undefined":4,"s:28:4:28:Infinity":15,"s:28:29:28:Infinity":16,"b:29:4:29:Infinity:undefined:undefined:undefined:undefined":5,"s:29:4:29:Infinity":17,"s:29:29:29:Infinity":18,"s:30:4:30:Infinity":19,"s:33:13:76:Infinity":20,"f:33:13:33:31":6,"b:35:4:39:Infinity:undefined:undefined:undefined:undefined":6,"s:35:4:39:Infinity":21,"b:36:12:36:Infinity:undefined:undefined:undefined:undefined":7,"s:36:12:36:Infinity":22,"s:36:44:36:Infinity":23,"b:37:12:37:Infinity:undefined:undefined:undefined:undefined":8,"s:37:12:37:Infinity":24,"s:37:43:37:Infinity":25,"s:38:35:38:101":26,"f:38:61:38:68":7,"s:38:73:38:100":27,"s:39:12:39:Infinity":28,"b:42:4:43:Infinity:undefined:undefined:undefined:undefined":9,"s:42:4:43:Infinity":29,"s:43:8:43:Infinity":30,"b:43:15:43:38:43:38:43:60":10,"s:47:26:47:59":31,"b:49:4:51:Infinity:undefined:undefined:undefined:undefined":11,"s:49:4:51:Infinity":32,"s:51:8:51:Infinity":33,"b:51:15:51:40:51:40:51:55":12,"b:54:4:56:Infinity:undefined:undefined:undefined:undefined":13,"s:54:4:56:Infinity":34,"s:56:8:56:Infinity":35,"b:56:15:56:44:56:44:56:63":14,"s:61:28:66:Infinity":36,"b:68:4:69:Infinity:undefined:undefined:undefined:undefined":15,"s:68:4:69:Infinity":37,"s:69:8:69:Infinity":38,"b:69:15:69:50:69:50:69:68":16,"s:74:27:74:52":39,"s:75:30:75:99":40,"b:75:30:75:54:75:54:75:99":17,"s:76:4:76:Infinity":41,"b:76:31:76:55:76:55:76:Infinity":18,"b:76:83:76:151:76:151:76:Infinity":19,"s:82:29:82:Infinity":42,"s:83:34:83:Infinity":43,"s:86:20:86:Infinity":44,"s:87:24:87:Infinity":45,"s:88:23:88:Infinity":46,"s:89:25:89:Infinity":47,"s:93:13:94:Infinity":48,"f:93:13:93:40":8,"s:94:4:94:Infinity":49,"s:99:13:101:Infinity":50,"f:99:13:99:32":9,"s:100:23:100:58":51,"s:101:4:101:Infinity":52,"s:105:13:107:Infinity":53,"f:105:13:105:35":10,"s:106:23:106:58":54,"s:107:4:107:Infinity":55,"s:112:13:113:Infinity":56,"f:112:13:112:38":11,"s:113:4:113:Infinity":57,"s:118:13:144:Infinity":58,"f:118:13:118:34":12,"b:120:4:122:Infinity:undefined:undefined:undefined:undefined":20,"s:120:4:122:Infinity":59,"s:121:37:121:Infinity":60,"s:122:8:122:Infinity":61,"s:125:31:125:65":62,"s:128:25:128:89":63,"s:131:33:131:68":64,"s:132:23:132:70":65,"b:135:4:136:Infinity:undefined:undefined:undefined:undefined":21,"s:135:4:136:Infinity":66,"s:136:8:136:Infinity":67,"s:141:26:141:Infinity":68,"s:142:26:142:76":69,"s:144:4:144:Infinity":70,"s:149:13:165:Infinity":71,"f:149:13:149:35":13,"b:151:4:153:Infinity:undefined:undefined:undefined:undefined":22,"s:151:4:153:Infinity":72,"s:152:27:152:62":73,"s:153:8:153:Infinity":74,"s:156:31:156:65":75,"s:159:27:159:93":76,"s:163:41:163:84":77,"s:165:4:165:Infinity":78,"s:171:13:178:Infinity":79,"f:171:13:171:31":14,"b:172:4:173:Infinity:undefined:undefined:undefined:undefined":23,"s:172:4:173:Infinity":80,"s:173:8:173:Infinity":81,"s:175:19:175:Infinity":82,"b:175:19:175:61:175:61:175:Infinity":24,"s:176:23:176:Infinity":83,"b:176:23:176:44:176:44:176:Infinity":25,"s:177:18:177:Infinity":84,"b:177:18:177:47:177:47:177:Infinity":26,"s:178:4:178:Infinity":85,"s:184:13:286:Infinity":86,"f:184:13:184:36":15,"s:185:19:185:Infinity":87,"b:185:19:185:58:185:58:185:Infinity":27,"b:188:4:217:Infinity:undefined:undefined:undefined:undefined":28,"s:188:4:217:Infinity":88,"s:189:34:215:Infinity":89,"s:216:24:216:Infinity":90,"s:217:8:217:Infinity":91,"b:221:4:237:Infinity:undefined:undefined:undefined:undefined":29,"s:221:4:237:Infinity":92,"s:222:31:235:Infinity":93,"s:236:24:236:Infinity":94,"s:237:8:237:Infinity":95,"s:241:23:241:49":96,"b:241:23:241:44:241:44:241:49":30,"s:242:29:242:51":97,"b:242:29:242:45:242:45:242:51":31,"s:243:22:243:Infinity":98,"b:248:8:253:Infinity:254:8:260:Infinity:261:8:267:Infinity:269:8:277:Infinity:279:8:283:Infinity":32,"s:247:4:283:Infinity":99,"s:249:12:249:Infinity":100,"s:250:12:250:Infinity":101,"s:251:12:251:Infinity":102,"s:252:12:252:Infinity":103,"s:253:12:253:Infinity":104,"s:256:12:256:Infinity":105,"s:257:12:257:Infinity":106,"s:258:12:258:Infinity":107,"s:259:12:259:Infinity":108,"s:260:12:260:Infinity":109,"s:262:39:262:70":110,"b:262:39:262:63:262:63:262:70":33,"s:263:12:263:Infinity":111,"s:264:12:264:Infinity":112,"s:265:12:265:Infinity":113,"s:266:12:266:Infinity":114,"s:267:12:267:Infinity":115,"s:271:37:271:68":116,"b:271:37:271:61:271:61:271:68":34,"s:272:12:272:Infinity":117,"s:273:29:273:Infinity":118,"s:274:12:274:Infinity":119,"s:275:12:275:Infinity":120,"s:276:12:276:Infinity":121,"s:277:12:277:Infinity":122,"s:280:12:280:Infinity":123,"s:281:12:281:Infinity":124,"s:282:12:282:Infinity":125,"s:283:12:283:Infinity":126,"s:286:4:286:Infinity":127,"s:293:13:315:Infinity":128,"f:293:13:293:37":16,"s:295:23:295:46":129,"s:296:17:296:Infinity":130,"b:298:4:306:Infinity:undefined:undefined:undefined:undefined":35,"s:298:4:306:Infinity":131,"b:298:8:298:17:298:17:298:36":36,"s:300:29:300:Infinity":132,"s:301:21:301:Infinity":133,"s:302:8:306:Infinity":134,"s:310:17:310:Infinity":135,"s:311:4:315:Infinity":136,"s:321:13:363:Infinity":137,"f:321:13:321:34":17,"s:323:26:323:89":138,"f:323:45:323:52":18,"s:323:60:323:89":139,"b:324:4:330:Infinity:undefined:undefined:undefined:undefined":37,"s:324:4:330:Infinity":140,"s:325:21:325:Infinity":141,"s:326:8:330:Infinity":142,"s:335:4:348:Infinity":143,"s:335:17:335:20":144,"s:336:8:348:Infinity":145,"s:336:21:336:24":146,"b:337:12:348:Infinity:undefined:undefined:undefined:undefined":38,"s:337:12:348:Infinity":147,"s:338:30:338:Infinity":148,"s:339:30:339:Infinity":149,"b:340:16:348:Infinity:undefined:undefined:undefined:undefined":39,"s:340:16:348:Infinity":150,"s:341:20:348:Infinity":151,"b:345:28:345:61:345:61:345:Infinity":40,"b:346:28:346:61:346:61:346:Infinity":41,"s:355:27:356:Infinity":152,"f:355:51:355:57":19,"s:356:8:356:77":153,"s:358:25:358:Infinity":154,"s:359:4:363:Infinity":155}}}
,"/Users/omarjoudi/2nd_year/G-ING-400-LYN-4-1-codewash-6/project/src/utils/mobDisplayUtils.js": {"path":"/Users/omarjoudi/2nd_year/G-ING-400-LYN-4-1-codewash-6/project/src/utils/mobDisplayUtils.js","statementMap":{"0":{"start":{"line":4,"column":19},"end":{"line":4,"column":null}},"1":{"start":{"line":7,"column":31},"end":{"line":16,"column":null}},"2":{"start":{"line":22,"column":13},"end":{"line":23,"column":null}},"3":{"start":{"line":23,"column":4},"end":{"line":23,"column":null}},"4":{"start":{"line":32,"column":13},"end":{"line":43,"column":null}},"5":{"start":{"line":33,"column":17},"end":{"line":33,"column":32}},"6":{"start":{"line":34,"column":24},"end":{"line":36,"column":null}},"7":{"start":{"line":38,"column":4},"end":{"line":43,"column":null}}},"fnMap":{"0":{"name":"(anonymous_0)","decl":{"start":{"line":22,"column":13},"end":{"line":22,"column":35}},"loc":{"start":{"line":22,"column":35},"end":{"line":23,"column":null}},"line":22},"1":{"name":"(anonymous_1)","decl":{"start":{"line":32,"column":13},"end":{"line":32,"column":36}},"loc":{"start":{"line":32,"column":56},"end":{"line":43,"column":null}},"line":32}},"branchMap":{"0":{"loc":{"start":{"line":34,"column":24},"end":{"line":36,"column":null}},"type":"cond-expr","locations":[{"start":{"line":35,"column":10},"end":{"line":35,"column":null}},{"start":{"line":36,"column":10},"end":{"line":36,"column":null}}],"line":34}},"s":{"0":1,"1":1,"2":1,"3":2,"4":1,"5":1,"6":1,"7":1},"f":{"0":2,"1":1},"b":{"0":[1,0]},"meta":{"lastBranch":1,"lastFunction":2,"lastStatement":8,"seen":{"s:4:19:4:Infinity":0,"s:7:31:16:Infinity":1,"s:22:13:23:Infinity":2,"f:22:13:22:35":0,"s:23:4:23:Infinity":3,"s:32:13:43:Infinity":4,"f:32:13:32:36":1,"s:33:17:33:32":5,"s:34:24:36:Infinity":6,"b:35:10:35:Infinity:36:10:36:Infinity":0,"s:38:4:43:Infinity":7}}}
}
